{"/home/pierre/Dev/Exercices/4/front/src/app/app.component.ts": {"path":"/home/pierre/Dev/Exercices/4/front/src/app/app.component.ts","statementMap":{"0":{"start":{"line":2,"column":0},"end":{"line":2,"column":42}},"1":{"start":{"line":3,"column":0},"end":{"line":3,"column":74}},"2":{"start":{"line":4,"column":0},"end":{"line":4,"column":47}},"3":{"start":{"line":5,"column":0},"end":{"line":5,"column":84}},"4":{"start":{"line":17,"column":21},"end":{"line":17,"column":37}},"5":{"start":{"line":20,"column":4},"end":{"line":20,"column":41}},"6":{"start":{"line":15,"column":13},"end":{"line":15,"column":25}},"7":{"start":{"line":15,"column":13},"end":{"line":22,"column":null}}},"fnMap":{"0":{"name":"(anonymous_0)","decl":{"start":{"line":17,"column":2},"end":{"line":17,"column":21}},"loc":{"start":{"line":17,"column":51},"end":{"line":17,"column":55}}},"1":{"name":"(anonymous_1)","decl":{"start":{"line":19,"column":2},"end":{"line":19,"column":6}},"loc":{"start":{"line":19,"column":14},"end":{"line":21,"column":3}}}},"branchMap":{},"s":{"0":1,"1":1,"2":1,"3":1,"4":6,"5":3,"6":1,"7":1},"f":{"0":6,"1":3},"b":{}}
,"/home/pierre/Dev/Exercices/4/front/src/app/app.routes.ts": {"path":"/home/pierre/Dev/Exercices/4/front/src/app/app.routes.ts","statementMap":{"0":{"start":{"line":2,"column":0},"end":{"line":2,"column":53}},"1":{"start":{"line":3,"column":0},"end":{"line":3,"column":57}},"2":{"start":{"line":4,"column":0},"end":{"line":4,"column":60}},"3":{"start":{"line":5,"column":0},"end":{"line":5,"column":60}},"4":{"start":{"line":6,"column":0},"end":{"line":6,"column":63}},"5":{"start":{"line":7,"column":0},"end":{"line":7,"column":66}},"6":{"start":{"line":8,"column":0},"end":{"line":8,"column":72}},"7":{"start":{"line":9,"column":0},"end":{"line":9,"column":72}},"8":{"start":{"line":10,"column":0},"end":{"line":10,"column":80}},"9":{"start":{"line":11,"column":0},"end":{"line":11,"column":80}},"10":{"start":{"line":13,"column":13},"end":{"line":28,"column":2}}},"fnMap":{},"branchMap":{},"s":{"0":1,"1":1,"2":1,"3":1,"4":1,"5":1,"6":1,"7":1,"8":1,"9":1,"10":1},"f":{},"b":{}}
,"/home/pierre/Dev/Exercices/4/front/src/app/components/elements/shared/button/button.component.ts": {"path":"/home/pierre/Dev/Exercices/4/front/src/app/components/elements/shared/button/button.component.ts","statementMap":{"0":{"start":{"line":1,"column":0},"end":{"line":1,"column":47}},"1":{"start":{"line":2,"column":0},"end":{"line":2,"column":47}},"2":{"start":{"line":3,"column":0},"end":{"line":3,"column":49}},"3":{"start":{"line":38,"column":11},"end":{"line":38,"column":null}},"4":{"start":{"line":40,"column":11},"end":{"line":40,"column":null}},"5":{"start":{"line":41,"column":11},"end":{"line":41,"column":null}},"6":{"start":{"line":44,"column":4},"end":{"line":44,"column":29}},"7":{"start":{"line":36,"column":13},"end":{"line":36,"column":28}},"8":{"start":{"line":36,"column":13},"end":{"line":46,"column":null}}},"fnMap":{"0":{"name":"(anonymous_0)","decl":{"start":{"line":36,"column":7},"end":{"line":36,"column":13}},"loc":{"start":{"line":36,"column":7},"end":{"line":46,"column":1}}},"1":{"name":"(anonymous_1)","decl":{"start":{"line":43,"column":2},"end":{"line":43,"column":8}},"loc":{"start":{"line":43,"column":8},"end":{"line":45,"column":3}}}},"branchMap":{},"s":{"0":14,"1":14,"2":14,"3":82,"4":82,"5":82,"6":146,"7":14,"8":14},"f":{"0":82,"1":146},"b":{}}
,"/home/pierre/Dev/Exercices/4/front/src/app/components/elements/shared/button-back/button-back.component.ts": {"path":"/home/pierre/Dev/Exercices/4/front/src/app/components/elements/shared/button-back/button-back.component.ts","statementMap":{"0":{"start":{"line":1,"column":0},"end":{"line":1,"column":42}},"1":{"start":{"line":2,"column":0},"end":{"line":2,"column":47}},"2":{"start":{"line":3,"column":0},"end":{"line":3,"column":49}},"3":{"start":{"line":4,"column":0},"end":{"line":4,"column":57}},"4":{"start":{"line":25,"column":7},"end":{"line":30,"column":null}},"5":{"start":{"line":28,"column":4},"end":{"line":28,"column":26}},"6":{"start":{"line":25,"column":13},"end":{"line":25,"column":32}},"7":{"start":{"line":25,"column":13},"end":{"line":30,"column":null}}},"fnMap":{"0":{"name":"(anonymous_0)","decl":{"start":{"line":27,"column":2},"end":{"line":27,"column":6}},"loc":{"start":{"line":27,"column":6},"end":{"line":29,"column":3}}}},"branchMap":{},"s":{"0":6,"1":6,"2":6,"3":6,"4":6,"5":1,"6":6,"7":6},"f":{"0":1},"b":{}}
,"/home/pierre/Dev/Exercices/4/front/src/app/components/elements/shared/toast/toast.component.ts": {"path":"/home/pierre/Dev/Exercices/4/front/src/app/components/elements/shared/toast/toast.component.ts","statementMap":{"0":{"start":{"line":1,"column":0},"end":{"line":1,"column":42}},"1":{"start":{"line":2,"column":0},"end":{"line":2,"column":47}},"2":{"start":{"line":3,"column":0},"end":{"line":3,"column":73}},"3":{"start":{"line":25,"column":22},"end":{"line":25,"column":36}},"4":{"start":{"line":23,"column":2},"end":{"line":23,"column":36}},"5":{"start":{"line":22,"column":13},"end":{"line":22,"column":27}},"6":{"start":{"line":22,"column":13},"end":{"line":26,"column":null}}},"fnMap":{"0":{"name":"(anonymous_0)","decl":{"start":{"line":25,"column":2},"end":{"line":25,"column":22}},"loc":{"start":{"line":25,"column":48},"end":{"line":25,"column":52}}}},"branchMap":{},"s":{"0":2,"1":2,"2":2,"3":11,"4":11,"5":2,"6":2},"f":{"0":11},"b":{}}
,"/home/pierre/Dev/Exercices/4/front/src/app/components/parts/comment/detail/comment-detail.component.ts": {"path":"/home/pierre/Dev/Exercices/4/front/src/app/components/parts/comment/detail/comment-detail.component.ts","statementMap":{"0":{"start":{"line":1,"column":0},"end":{"line":1,"column":47}},"1":{"start":{"line":2,"column":0},"end":{"line":2,"column":49}},"2":{"start":{"line":26,"column":11},"end":{"line":26,"column":null}},"3":{"start":{"line":23,"column":13},"end":{"line":23,"column":35}},"4":{"start":{"line":23,"column":13},"end":{"line":27,"column":null}}},"fnMap":{"0":{"name":"(anonymous_0)","decl":{"start":{"line":23,"column":7},"end":{"line":23,"column":13}},"loc":{"start":{"line":23,"column":7},"end":{"line":27,"column":1}}}},"branchMap":{},"s":{"0":4,"1":4,"2":5,"3":4,"4":4},"f":{"0":5},"b":{}}
,"/home/pierre/Dev/Exercices/4/front/src/app/components/parts/comment/form/comment-form.component.ts": {"path":"/home/pierre/Dev/Exercices/4/front/src/app/components/parts/comment/form/comment-form.component.ts","statementMap":{"0":{"start":{"line":1,"column":0},"end":{"line":1,"column":45}},"1":{"start":{"line":2,"column":0},"end":{"line":2,"column":47}},"2":{"start":{"line":3,"column":0},"end":{"line":3,"column":49}},"3":{"start":{"line":4,"column":0},"end":{"line":4,"column":57}},"4":{"start":{"line":5,"column":0},"end":{"line":5,"column":71}},"5":{"start":{"line":32,"column":11},"end":{"line":32,"column":null}},"6":{"start":{"line":33,"column":12},"end":{"line":33,"column":null}},"7":{"start":{"line":34,"column":12},"end":{"line":34,"column":null}},"8":{"start":{"line":37,"column":4},"end":{"line":37,"column":40}},"9":{"start":{"line":37,"column":33},"end":{"line":37,"column":40}},"10":{"start":{"line":38,"column":4},"end":{"line":38,"column":30}},"11":{"start":{"line":31,"column":13},"end":{"line":31,"column":33}},"12":{"start":{"line":31,"column":13},"end":{"line":40,"column":null}}},"fnMap":{"0":{"name":"(anonymous_0)","decl":{"start":{"line":31,"column":7},"end":{"line":31,"column":13}},"loc":{"start":{"line":31,"column":7},"end":{"line":40,"column":1}}},"1":{"name":"(anonymous_1)","decl":{"start":{"line":36,"column":2},"end":{"line":36,"column":10}},"loc":{"start":{"line":36,"column":10},"end":{"line":39,"column":3}}}},"branchMap":{"0":{"loc":{"start":{"line":37,"column":4},"end":{"line":37,"column":40}},"type":"if","locations":[{"start":{"line":37,"column":4},"end":{"line":37,"column":40}}]}},"s":{"0":4,"1":4,"2":4,"3":4,"4":4,"5":10,"6":10,"7":10,"8":2,"9":1,"10":1,"11":4,"12":4},"f":{"0":10,"1":2},"b":{"0":[1]}}
,"/home/pierre/Dev/Exercices/4/front/src/app/components/parts/post/detail/post-detail.component.ts": {"path":"/home/pierre/Dev/Exercices/4/front/src/app/components/parts/post/detail/post-detail.component.ts","statementMap":{"0":{"start":{"line":1,"column":0},"end":{"line":1,"column":47}},"1":{"start":{"line":2,"column":0},"end":{"line":2,"column":49}},"2":{"start":{"line":25,"column":13},"end":{"line":25,"column":32}},"3":{"start":{"line":25,"column":13},"end":{"line":28,"column":null}}},"fnMap":{},"branchMap":{},"s":{"0":4,"1":4,"2":4,"3":4},"f":{},"b":{}}
,"/home/pierre/Dev/Exercices/4/front/src/app/components/parts/post/form/post-form.component.ts": {"path":"/home/pierre/Dev/Exercices/4/front/src/app/components/parts/post/form/post-form.component.ts","statementMap":{"0":{"start":{"line":1,"column":0},"end":{"line":1,"column":47}},"1":{"start":{"line":2,"column":0},"end":{"line":2,"column":49}},"2":{"start":{"line":3,"column":0},"end":{"line":3,"column":64}},"3":{"start":{"line":59,"column":11},"end":{"line":59,"column":null}},"4":{"start":{"line":57,"column":13},"end":{"line":57,"column":30}},"5":{"start":{"line":57,"column":13},"end":{"line":60,"column":null}}},"fnMap":{"0":{"name":"(anonymous_0)","decl":{"start":{"line":57,"column":7},"end":{"line":57,"column":13}},"loc":{"start":{"line":57,"column":7},"end":{"line":60,"column":1}}}},"branchMap":{},"s":{"0":4,"1":4,"2":4,"3":18,"4":4,"5":4},"f":{"0":18},"b":{}}
,"/home/pierre/Dev/Exercices/4/front/src/app/components/parts/profil/form/profil-form.component.ts": {"path":"/home/pierre/Dev/Exercices/4/front/src/app/components/parts/profil/form/profil-form.component.ts","statementMap":{"0":{"start":{"line":1,"column":0},"end":{"line":1,"column":97}},"1":{"start":{"line":2,"column":0},"end":{"line":2,"column":89}},"2":{"start":{"line":3,"column":0},"end":{"line":3,"column":47}},"3":{"start":{"line":5,"column":0},"end":{"line":5,"column":93}},"4":{"start":{"line":19,"column":22},"end":{"line":19,"column":26}},"5":{"start":{"line":15,"column":12},"end":{"line":15,"column":null}},"6":{"start":{"line":20,"column":4},"end":{"line":24,"column":7}},"7":{"start":{"line":28,"column":4},"end":{"line":34,"column":5}},"8":{"start":{"line":29,"column":6},"end":{"line":33,"column":9}},"9":{"start":{"line":38,"column":4},"end":{"line":41,"column":5}},"10":{"start":{"line":39,"column":6},"end":{"line":39,"column":41}},"11":{"start":{"line":40,"column":6},"end":{"line":40,"column":13}},"12":{"start":{"line":43,"column":22},"end":{"line":43,"column":50}},"13":{"start":{"line":45,"column":4},"end":{"line":47,"column":5}},"14":{"start":{"line":46,"column":6},"end":{"line":46,"column":32}},"15":{"start":{"line":49,"column":35},"end":{"line":53,"column":6}},"16":{"start":{"line":55,"column":4},"end":{"line":55,"column":28}},"17":{"start":{"line":13,"column":13},"end":{"line":13,"column":32}},"18":{"start":{"line":13,"column":13},"end":{"line":57,"column":null}}},"fnMap":{"0":{"name":"(anonymous_0)","decl":{"start":{"line":19,"column":2},"end":{"line":19,"column":22}},"loc":{"start":{"line":19,"column":37},"end":{"line":25,"column":3}}},"1":{"name":"(anonymous_1)","decl":{"start":{"line":27,"column":2},"end":{"line":27,"column":13}},"loc":{"start":{"line":27,"column":36},"end":{"line":35,"column":3}}},"2":{"name":"(anonymous_2)","decl":{"start":{"line":37,"column":9},"end":{"line":37,"column":15}},"loc":{"start":{"line":37,"column":15},"end":{"line":56,"column":3}}}},"branchMap":{"0":{"loc":{"start":{"line":28,"column":4},"end":{"line":34,"column":5}},"type":"if","locations":[{"start":{"line":28,"column":4},"end":{"line":34,"column":5}}]},"1":{"loc":{"start":{"line":28,"column":8},"end":{"line":28,"column":36}},"type":"binary-expr","locations":[{"start":{"line":28,"column":8},"end":{"line":28,"column":23}},{"start":{"line":28,"column":27},"end":{"line":28,"column":36}}]},"2":{"loc":{"start":{"line":38,"column":4},"end":{"line":41,"column":5}},"type":"if","locations":[{"start":{"line":38,"column":4},"end":{"line":41,"column":5}}]},"3":{"loc":{"start":{"line":45,"column":4},"end":{"line":47,"column":5}},"type":"if","locations":[{"start":{"line":45,"column":4},"end":{"line":47,"column":5}}]},"4":{"loc":{"start":{"line":52,"column":10},"end":{"line":52,"column":68}},"type":"cond-expr","locations":[{"start":{"line":52,"column":31},"end":{"line":52,"column":63}},{"start":{"line":52,"column":66},"end":{"line":52,"column":68}}]}},"s":{"0":3,"1":3,"2":3,"3":3,"4":7,"5":7,"6":7,"7":2,"8":2,"9":3,"10":1,"11":1,"12":2,"13":2,"14":1,"15":2,"16":2,"17":3,"18":3},"f":{"0":7,"1":2,"2":3},"b":{"0":[2],"1":[2,2],"2":[1],"3":[1],"4":[1,1]}}
,"/home/pierre/Dev/Exercices/4/front/src/app/components/parts/shared/header/header.component.ts": {"path":"/home/pierre/Dev/Exercices/4/front/src/app/components/parts/shared/header/header.component.ts","statementMap":{"0":{"start":{"line":2,"column":0},"end":{"line":2,"column":47}},"1":{"start":{"line":3,"column":0},"end":{"line":3,"column":55}},"2":{"start":{"line":4,"column":0},"end":{"line":4,"column":59}},"3":{"start":{"line":5,"column":0},"end":{"line":5,"column":76}},"4":{"start":{"line":6,"column":0},"end":{"line":6,"column":80}},"5":{"start":{"line":55,"column":12},"end":{"line":55,"column":19}},"6":{"start":{"line":56,"column":12},"end":{"line":56,"column":28}},"7":{"start":{"line":49,"column":10},"end":{"line":49,"column":34}},"8":{"start":{"line":51,"column":2},"end":{"line":51,"column":21}},"9":{"start":{"line":58,"column":4},"end":{"line":58,"column":51}},"10":{"start":{"line":62,"column":4},"end":{"line":62,"column":39}},"11":{"start":{"line":66,"column":4},"end":{"line":66,"column":33}},"12":{"start":{"line":67,"column":4},"end":{"line":67,"column":32}},"13":{"start":{"line":72,"column":26},"end":{"line":72,"column":73}},"14":{"start":{"line":73,"column":4},"end":{"line":75,"column":5}},"15":{"start":{"line":74,"column":6},"end":{"line":74,"column":30}},"16":{"start":{"line":47,"column":13},"end":{"line":47,"column":28}},"17":{"start":{"line":47,"column":13},"end":{"line":77,"column":null}}},"fnMap":{"0":{"name":"(anonymous_0)","decl":{"start":{"line":54,"column":2},"end":{"line":54,"column":null}},"loc":{"start":{"line":56,"column":42},"end":{"line":59,"column":3}}},"1":{"name":"(anonymous_1)","decl":{"start":{"line":61,"column":2},"end":{"line":61,"column":14}},"loc":{"start":{"line":61,"column":14},"end":{"line":63,"column":3}}},"2":{"name":"(anonymous_2)","decl":{"start":{"line":65,"column":2},"end":{"line":65,"column":8}},"loc":{"start":{"line":65,"column":8},"end":{"line":68,"column":3}}},"3":{"name":"(anonymous_3)","decl":{"start":{"line":71,"column":2},"end":{"line":71,"column":17}},"loc":{"start":{"line":71,"column":30},"end":{"line":76,"column":3}}}},"branchMap":{"0":{"loc":{"start":{"line":73,"column":4},"end":{"line":75,"column":5}},"type":"if","locations":[{"start":{"line":73,"column":4},"end":{"line":75,"column":5}}]}},"s":{"0":9,"1":9,"2":9,"3":9,"4":9,"5":66,"6":66,"7":66,"8":66,"9":66,"10":2,"11":1,"12":1,"13":2,"14":2,"15":1,"16":9,"17":9},"f":{"0":66,"1":2,"2":1,"3":2},"b":{"0":[1]}}
,"/home/pierre/Dev/Exercices/4/front/src/app/components/parts/shared/modal/confirm-modal.component.ts": {"path":"/home/pierre/Dev/Exercices/4/front/src/app/components/parts/shared/modal/confirm-modal.component.ts","statementMap":{"0":{"start":{"line":1,"column":0},"end":{"line":1,"column":47}},"1":{"start":{"line":2,"column":0},"end":{"line":2,"column":71}},"2":{"start":{"line":3,"column":0},"end":{"line":3,"column":93}},"3":{"start":{"line":25,"column":11},"end":{"line":25,"column":null}},"4":{"start":{"line":26,"column":11},"end":{"line":26,"column":null}},"5":{"start":{"line":28,"column":12},"end":{"line":28,"column":null}},"6":{"start":{"line":29,"column":12},"end":{"line":29,"column":null}},"7":{"start":{"line":24,"column":13},"end":{"line":24,"column":34}},"8":{"start":{"line":24,"column":13},"end":{"line":30,"column":null}}},"fnMap":{"0":{"name":"(anonymous_0)","decl":{"start":{"line":24,"column":7},"end":{"line":24,"column":13}},"loc":{"start":{"line":24,"column":7},"end":{"line":30,"column":1}}}},"branchMap":{},"s":{"0":4,"1":4,"2":4,"3":5,"4":5,"5":5,"6":5,"7":4,"8":4},"f":{"0":5},"b":{}}
,"/home/pierre/Dev/Exercices/4/front/src/app/components/parts/shared/subscription/subscription.component.ts": {"path":"/home/pierre/Dev/Exercices/4/front/src/app/components/parts/shared/subscription/subscription.component.ts","statementMap":{"0":{"start":{"line":1,"column":0},"end":{"line":1,"column":47}},"1":{"start":{"line":2,"column":0},"end":{"line":2,"column":71}},"2":{"start":{"line":3,"column":0},"end":{"line":3,"column":93}},"3":{"start":{"line":35,"column":11},"end":{"line":35,"column":null}},"4":{"start":{"line":36,"column":11},"end":{"line":36,"column":null}},"5":{"start":{"line":38,"column":12},"end":{"line":38,"column":null}},"6":{"start":{"line":39,"column":12},"end":{"line":39,"column":null}},"7":{"start":{"line":32,"column":13},"end":{"line":32,"column":34}},"8":{"start":{"line":32,"column":13},"end":{"line":40,"column":null}}},"fnMap":{"0":{"name":"(anonymous_0)","decl":{"start":{"line":32,"column":7},"end":{"line":32,"column":13}},"loc":{"start":{"line":32,"column":7},"end":{"line":40,"column":1}}}},"branchMap":{},"s":{"0":5,"1":5,"2":5,"3":18,"4":18,"5":18,"6":18,"7":5,"8":5},"f":{"0":18},"b":{}}
,"/home/pierre/Dev/Exercices/4/front/src/app/components/sections/comment/comment-section.component.ts": {"path":"/home/pierre/Dev/Exercices/4/front/src/app/components/sections/comment/comment-section.component.ts","statementMap":{"0":{"start":{"line":1,"column":0},"end":{"line":1,"column":47}},"1":{"start":{"line":2,"column":0},"end":{"line":2,"column":71}},"2":{"start":{"line":4,"column":0},"end":{"line":4,"column":87}},"3":{"start":{"line":5,"column":0},"end":{"line":5,"column":93}},"4":{"start":{"line":34,"column":29},"end":{"line":34,"column":null}},"5":{"start":{"line":35,"column":11},"end":{"line":35,"column":null}},"6":{"start":{"line":37,"column":12},"end":{"line":37,"column":null}},"7":{"start":{"line":38,"column":12},"end":{"line":38,"column":null}},"8":{"start":{"line":41,"column":4},"end":{"line":41,"column":30}},"9":{"start":{"line":32,"column":13},"end":{"line":32,"column":36}},"10":{"start":{"line":32,"column":13},"end":{"line":43,"column":null}}},"fnMap":{"0":{"name":"(anonymous_0)","decl":{"start":{"line":32,"column":7},"end":{"line":32,"column":13}},"loc":{"start":{"line":32,"column":7},"end":{"line":43,"column":1}}},"1":{"name":"(anonymous_1)","decl":{"start":{"line":40,"column":2},"end":{"line":40,"column":10}},"loc":{"start":{"line":40,"column":10},"end":{"line":42,"column":3}}}},"branchMap":{},"s":{"0":3,"1":3,"2":3,"3":3,"4":11,"5":11,"6":11,"7":11,"8":1,"9":3,"10":3},"f":{"0":11,"1":1},"b":{}}
,"/home/pierre/Dev/Exercices/4/front/src/app/components/sections/post/detail/post-detail-section.component.ts": {"path":"/home/pierre/Dev/Exercices/4/front/src/app/components/sections/post/detail/post-detail-section.component.ts","statementMap":{"0":{"start":{"line":1,"column":0},"end":{"line":1,"column":47}},"1":{"start":{"line":2,"column":0},"end":{"line":2,"column":49}},"2":{"start":{"line":4,"column":0},"end":{"line":4,"column":87}},"3":{"start":{"line":20,"column":13},"end":{"line":20,"column":39}},"4":{"start":{"line":20,"column":13},"end":{"line":22,"column":null}}},"fnMap":{},"branchMap":{},"s":{"0":3,"1":3,"2":3,"3":3,"4":3},"f":{},"b":{}}
,"/home/pierre/Dev/Exercices/4/front/src/app/components/sections/post/form/post-form-section.component.ts": {"path":"/home/pierre/Dev/Exercices/4/front/src/app/components/sections/post/form/post-form-section.component.ts","statementMap":{"0":{"start":{"line":1,"column":0},"end":{"line":1,"column":47}},"1":{"start":{"line":2,"column":0},"end":{"line":2,"column":77}},"2":{"start":{"line":3,"column":0},"end":{"line":3,"column":71}},"3":{"start":{"line":4,"column":0},"end":{"line":4,"column":91}},"4":{"start":{"line":5,"column":0},"end":{"line":5,"column":93}},"5":{"start":{"line":33,"column":11},"end":{"line":33,"column":null}},"6":{"start":{"line":34,"column":12},"end":{"line":34,"column":null}},"7":{"start":{"line":37,"column":4},"end":{"line":47,"column":5}},"8":{"start":{"line":39,"column":35},"end":{"line":43,"column":8}},"9":{"start":{"line":44,"column":6},"end":{"line":44,"column":34}},"10":{"start":{"line":46,"column":6},"end":{"line":46,"column":39}},"11":{"start":{"line":31,"column":13},"end":{"line":31,"column":37}},"12":{"start":{"line":31,"column":13},"end":{"line":49,"column":null}}},"fnMap":{"0":{"name":"(anonymous_0)","decl":{"start":{"line":31,"column":7},"end":{"line":31,"column":13}},"loc":{"start":{"line":31,"column":7},"end":{"line":49,"column":1}}},"1":{"name":"(anonymous_1)","decl":{"start":{"line":36,"column":2},"end":{"line":36,"column":10}},"loc":{"start":{"line":36,"column":10},"end":{"line":48,"column":3}}}},"branchMap":{"0":{"loc":{"start":{"line":37,"column":4},"end":{"line":47,"column":5}},"type":"if","locations":[{"start":{"line":37,"column":4},"end":{"line":47,"column":5}},{"start":{"line":45,"column":11},"end":{"line":47,"column":5}}]}},"s":{"0":3,"1":3,"2":3,"3":3,"4":3,"5":13,"6":13,"7":2,"8":1,"9":1,"10":1,"11":3,"12":3},"f":{"0":13,"1":2},"b":{"0":[1,1]}}
,"/home/pierre/Dev/Exercices/4/front/src/app/components/sections/profil/subscription/subscriptions.component.ts": {"path":"/home/pierre/Dev/Exercices/4/front/src/app/components/sections/profil/subscription/subscriptions.component.ts","statementMap":{"0":{"start":{"line":1,"column":0},"end":{"line":1,"column":47}},"1":{"start":{"line":2,"column":0},"end":{"line":2,"column":71}},"2":{"start":{"line":4,"column":0},"end":{"line":4,"column":108}},"3":{"start":{"line":30,"column":11},"end":{"line":30,"column":null}},"4":{"start":{"line":31,"column":12},"end":{"line":31,"column":null}},"5":{"start":{"line":34,"column":4},"end":{"line":34,"column":18}},"6":{"start":{"line":29,"column":13},"end":{"line":29,"column":35}},"7":{"start":{"line":29,"column":13},"end":{"line":36,"column":null}}},"fnMap":{"0":{"name":"(anonymous_0)","decl":{"start":{"line":29,"column":7},"end":{"line":29,"column":13}},"loc":{"start":{"line":29,"column":7},"end":{"line":36,"column":1}}},"1":{"name":"(anonymous_1)","decl":{"start":{"line":33,"column":2},"end":{"line":33,"column":11}},"loc":{"start":{"line":33,"column":44},"end":{"line":35,"column":3}}}},"branchMap":{},"s":{"0":3,"1":3,"2":3,"3":5,"4":5,"5":1,"6":3,"7":3},"f":{"0":5,"1":1},"b":{}}
,"/home/pierre/Dev/Exercices/4/front/src/app/core/api/services/auth/auth.service.ts": {"path":"/home/pierre/Dev/Exercices/4/front/src/app/core/api/services/auth/auth.service.ts","statementMap":{"0":{"start":{"line":2,"column":0},"end":{"line":2,"column":43}},"1":{"start":{"line":3,"column":0},"end":{"line":3,"column":50}},"2":{"start":{"line":4,"column":0},"end":{"line":4,"column":59}},"3":{"start":{"line":16,"column":22},"end":{"line":16,"column":34}},"4":{"start":{"line":14,"column":10},"end":{"line":14,"column":55}},"5":{"start":{"line":19,"column":4},"end":{"line":19,"column":88}},"6":{"start":{"line":23,"column":4},"end":{"line":23,"column":87}},"7":{"start":{"line":12,"column":13},"end":{"line":12,"column":24}},"8":{"start":{"line":12,"column":13},"end":{"line":25,"column":null}}},"fnMap":{"0":{"name":"(anonymous_0)","decl":{"start":{"line":16,"column":2},"end":{"line":16,"column":22}},"loc":{"start":{"line":16,"column":44},"end":{"line":16,"column":49}}},"1":{"name":"(anonymous_1)","decl":{"start":{"line":18,"column":9},"end":{"line":18,"column":14}},"loc":{"start":{"line":18,"column":41},"end":{"line":20,"column":3}}},"2":{"name":"(anonymous_2)","decl":{"start":{"line":22,"column":9},"end":{"line":22,"column":17}},"loc":{"start":{"line":22,"column":50},"end":{"line":24,"column":3}}}},"branchMap":{},"s":{"0":4,"1":4,"2":4,"3":10,"4":10,"5":5,"6":4,"7":4,"8":4},"f":{"0":10,"1":5,"2":4},"b":{}}
,"/home/pierre/Dev/Exercices/4/front/src/app/core/api/services/auth/session.service.ts": {"path":"/home/pierre/Dev/Exercices/4/front/src/app/core/api/services/auth/session.service.ts","statementMap":{"0":{"start":{"line":1,"column":0},"end":{"line":1,"column":39}},"1":{"start":{"line":2,"column":0},"end":{"line":2,"column":43}},"2":{"start":{"line":7,"column":19},"end":{"line":7,"column":43}},"3":{"start":{"line":8,"column":10},"end":{"line":8,"column":46}},"4":{"start":{"line":9,"column":10},"end":{"line":9,"column":64}},"5":{"start":{"line":10,"column":18},"end":{"line":10,"column":66}},"6":{"start":{"line":13,"column":4},"end":{"line":13,"column":34}},"7":{"start":{"line":17,"column":20},"end":{"line":17,"column":58}},"8":{"start":{"line":18,"column":4},"end":{"line":21,"column":5}},"9":{"start":{"line":19,"column":6},"end":{"line":19,"column":42}},"10":{"start":{"line":20,"column":6},"end":{"line":20,"column":38}},"11":{"start":{"line":25,"column":4},"end":{"line":25,"column":25}},"12":{"start":{"line":29,"column":4},"end":{"line":29,"column":28}},"13":{"start":{"line":30,"column":4},"end":{"line":30,"column":68}},"14":{"start":{"line":31,"column":4},"end":{"line":31,"column":36}},"15":{"start":{"line":35,"column":4},"end":{"line":35,"column":25}},"16":{"start":{"line":36,"column":4},"end":{"line":36,"column":46}},"17":{"start":{"line":37,"column":4},"end":{"line":37,"column":37}},"18":{"start":{"line":41,"column":4},"end":{"line":41,"column":27}},"19":{"start":{"line":6,"column":13},"end":{"line":6,"column":27}},"20":{"start":{"line":6,"column":13},"end":{"line":43,"column":null}}},"fnMap":{"0":{"name":"(anonymous_0)","decl":{"start":{"line":12,"column":2},"end":{"line":12,"column":null}},"loc":{"start":{"line":12,"column":2},"end":{"line":14,"column":3}}},"1":{"name":"(anonymous_1)","decl":{"start":{"line":16,"column":10},"end":{"line":16,"column":32}},"loc":{"start":{"line":16,"column":32},"end":{"line":22,"column":3}}},"2":{"name":"(anonymous_2)","decl":{"start":{"line":24,"column":2},"end":{"line":24,"column":13}},"loc":{"start":{"line":24,"column":31},"end":{"line":26,"column":3}}},"3":{"name":"(anonymous_3)","decl":{"start":{"line":28,"column":9},"end":{"line":28,"column":14}},"loc":{"start":{"line":28,"column":35},"end":{"line":32,"column":3}}},"4":{"name":"(anonymous_4)","decl":{"start":{"line":34,"column":9},"end":{"line":34,"column":15}},"loc":{"start":{"line":34,"column":15},"end":{"line":38,"column":3}}},"5":{"name":"(anonymous_5)","decl":{"start":{"line":40,"column":9},"end":{"line":40,"column":19}},"loc":{"start":{"line":40,"column":19},"end":{"line":42,"column":3}}}},"branchMap":{"0":{"loc":{"start":{"line":18,"column":4},"end":{"line":21,"column":5}},"type":"if","locations":[{"start":{"line":18,"column":4},"end":{"line":21,"column":5}}]}},"s":{"0":16,"1":16,"2":51,"3":51,"4":51,"5":51,"6":51,"7":51,"8":51,"9":5,"10":4,"11":14,"12":35,"13":35,"14":35,"15":19,"16":19,"17":19,"18":37,"19":16,"20":16},"f":{"0":51,"1":51,"2":14,"3":35,"4":19,"5":37},"b":{"0":[5]}}
,"/home/pierre/Dev/Exercices/4/front/src/app/core/api/services/comment/comment.service.ts": {"path":"/home/pierre/Dev/Exercices/4/front/src/app/core/api/services/comment/comment.service.ts","statementMap":{"0":{"start":{"line":2,"column":0},"end":{"line":2,"column":43}},"1":{"start":{"line":3,"column":0},"end":{"line":3,"column":50}},"2":{"start":{"line":4,"column":0},"end":{"line":4,"column":59}},"3":{"start":{"line":14,"column":22},"end":{"line":14,"column":34}},"4":{"start":{"line":12,"column":10},"end":{"line":12,"column":59}},"5":{"start":{"line":17,"column":4},"end":{"line":17,"column":80}},"6":{"start":{"line":21,"column":4},"end":{"line":21,"column":75}},"7":{"start":{"line":11,"column":13},"end":{"line":11,"column":27}},"8":{"start":{"line":11,"column":13},"end":{"line":23,"column":null}}},"fnMap":{"0":{"name":"(anonymous_0)","decl":{"start":{"line":14,"column":2},"end":{"line":14,"column":22}},"loc":{"start":{"line":14,"column":44},"end":{"line":14,"column":48}}},"1":{"name":"(anonymous_1)","decl":{"start":{"line":16,"column":9},"end":{"line":16,"column":21}},"loc":{"start":{"line":16,"column":36},"end":{"line":18,"column":3}}},"2":{"name":"(anonymous_2)","decl":{"start":{"line":20,"column":9},"end":{"line":20,"column":15}},"loc":{"start":{"line":20,"column":39},"end":{"line":22,"column":3}}}},"branchMap":{},"s":{"0":3,"1":3,"2":3,"3":26,"4":26,"5":16,"6":16,"7":3,"8":3},"f":{"0":26,"1":16,"2":16},"b":{}}
,"/home/pierre/Dev/Exercices/4/front/src/app/core/api/services/post/post.service.ts": {"path":"/home/pierre/Dev/Exercices/4/front/src/app/core/api/services/post/post.service.ts","statementMap":{"0":{"start":{"line":2,"column":0},"end":{"line":2,"column":43}},"1":{"start":{"line":3,"column":0},"end":{"line":3,"column":50}},"2":{"start":{"line":4,"column":0},"end":{"line":4,"column":59}},"3":{"start":{"line":14,"column":22},"end":{"line":14,"column":34}},"4":{"start":{"line":12,"column":10},"end":{"line":12,"column":56}},"5":{"start":{"line":17,"column":4},"end":{"line":17,"column":69}},"6":{"start":{"line":21,"column":4},"end":{"line":21,"column":77}},"7":{"start":{"line":25,"column":4},"end":{"line":25,"column":70}},"8":{"start":{"line":11,"column":13},"end":{"line":11,"column":24}},"9":{"start":{"line":11,"column":13},"end":{"line":27,"column":null}}},"fnMap":{"0":{"name":"(anonymous_0)","decl":{"start":{"line":14,"column":2},"end":{"line":14,"column":22}},"loc":{"start":{"line":14,"column":44},"end":{"line":14,"column":48}}},"1":{"name":"(anonymous_1)","decl":{"start":{"line":16,"column":9},"end":{"line":16,"column":15}},"loc":{"start":{"line":16,"column":33},"end":{"line":18,"column":3}}},"2":{"name":"(anonymous_2)","decl":{"start":{"line":20,"column":9},"end":{"line":20,"column":22}},"loc":{"start":{"line":20,"column":37},"end":{"line":22,"column":3}}},"3":{"name":"(anonymous_3)","decl":{"start":{"line":24,"column":9},"end":{"line":24,"column":19}},"loc":{"start":{"line":24,"column":34},"end":{"line":26,"column":3}}}},"branchMap":{},"s":{"0":5,"1":5,"2":5,"3":38,"4":38,"5":17,"6":15,"7":17,"8":5,"9":5},"f":{"0":38,"1":17,"2":15,"3":17},"b":{}}
,"/home/pierre/Dev/Exercices/4/front/src/app/core/api/services/subject/subject.service.ts": {"path":"/home/pierre/Dev/Exercices/4/front/src/app/core/api/services/subject/subject.service.ts","statementMap":{"0":{"start":{"line":2,"column":0},"end":{"line":2,"column":43}},"1":{"start":{"line":3,"column":0},"end":{"line":3,"column":50}},"2":{"start":{"line":4,"column":0},"end":{"line":4,"column":59}},"3":{"start":{"line":14,"column":22},"end":{"line":14,"column":34}},"4":{"start":{"line":12,"column":10},"end":{"line":12,"column":59}},"5":{"start":{"line":17,"column":4},"end":{"line":17,"column":60}},"6":{"start":{"line":21,"column":4},"end":{"line":21,"column":80}},"7":{"start":{"line":10,"column":13},"end":{"line":10,"column":27}},"8":{"start":{"line":10,"column":13},"end":{"line":23,"column":null}}},"fnMap":{"0":{"name":"(anonymous_0)","decl":{"start":{"line":14,"column":2},"end":{"line":14,"column":22}},"loc":{"start":{"line":14,"column":44},"end":{"line":14,"column":48}}},"1":{"name":"(anonymous_1)","decl":{"start":{"line":16,"column":9},"end":{"line":16,"column":12}},"loc":{"start":{"line":16,"column":12},"end":{"line":18,"column":3}}},"2":{"name":"(anonymous_2)","decl":{"start":{"line":20,"column":9},"end":{"line":20,"column":19}},"loc":{"start":{"line":20,"column":34},"end":{"line":22,"column":3}}}},"branchMap":{},"s":{"0":4,"1":4,"2":4,"3":39,"4":39,"5":21,"6":32,"7":4,"8":4},"f":{"0":39,"1":21,"2":32},"b":{}}
,"/home/pierre/Dev/Exercices/4/front/src/app/core/api/services/subscription/subscription.service.ts": {"path":"/home/pierre/Dev/Exercices/4/front/src/app/core/api/services/subscription/subscription.service.ts","statementMap":{"0":{"start":{"line":2,"column":0},"end":{"line":2,"column":43}},"1":{"start":{"line":3,"column":0},"end":{"line":3,"column":50}},"2":{"start":{"line":4,"column":0},"end":{"line":4,"column":59}},"3":{"start":{"line":15,"column":22},"end":{"line":15,"column":34}},"4":{"start":{"line":13,"column":10},"end":{"line":13,"column":63}},"5":{"start":{"line":18,"column":4},"end":{"line":18,"column":85}},"6":{"start":{"line":22,"column":4},"end":{"line":22,"column":80}},"7":{"start":{"line":26,"column":4},"end":{"line":26,"column":103}},"8":{"start":{"line":11,"column":13},"end":{"line":11,"column":32}},"9":{"start":{"line":11,"column":13},"end":{"line":28,"column":null}}},"fnMap":{"0":{"name":"(anonymous_0)","decl":{"start":{"line":15,"column":2},"end":{"line":15,"column":22}},"loc":{"start":{"line":15,"column":44},"end":{"line":15,"column":48}}},"1":{"name":"(anonymous_1)","decl":{"start":{"line":17,"column":9},"end":{"line":17,"column":22}},"loc":{"start":{"line":17,"column":37},"end":{"line":19,"column":3}}},"2":{"name":"(anonymous_2)","decl":{"start":{"line":21,"column":9},"end":{"line":21,"column":22}},"loc":{"start":{"line":21,"column":51},"end":{"line":23,"column":3}}},"3":{"name":"(anonymous_3)","decl":{"start":{"line":25,"column":9},"end":{"line":25,"column":24}},"loc":{"start":{"line":25,"column":53},"end":{"line":27,"column":3}}}},"branchMap":{},"s":{"0":5,"1":5,"2":5,"3":18,"4":18,"5":8,"6":6,"7":5,"8":5,"9":5},"f":{"0":18,"1":8,"2":6,"3":5},"b":{}}
,"/home/pierre/Dev/Exercices/4/front/src/app/core/api/services/user/user.service.ts": {"path":"/home/pierre/Dev/Exercices/4/front/src/app/core/api/services/user/user.service.ts","statementMap":{"0":{"start":{"line":2,"column":0},"end":{"line":2,"column":43}},"1":{"start":{"line":3,"column":0},"end":{"line":3,"column":50}},"2":{"start":{"line":4,"column":0},"end":{"line":4,"column":59}},"3":{"start":{"line":14,"column":22},"end":{"line":14,"column":34}},"4":{"start":{"line":12,"column":10},"end":{"line":12,"column":56}},"5":{"start":{"line":17,"column":4},"end":{"line":17,"column":66}},"6":{"start":{"line":21,"column":4},"end":{"line":21,"column":71}},"7":{"start":{"line":10,"column":13},"end":{"line":10,"column":24}},"8":{"start":{"line":10,"column":13},"end":{"line":23,"column":null}}},"fnMap":{"0":{"name":"(anonymous_0)","decl":{"start":{"line":14,"column":2},"end":{"line":14,"column":22}},"loc":{"start":{"line":14,"column":44},"end":{"line":14,"column":49}}},"1":{"name":"(anonymous_1)","decl":{"start":{"line":16,"column":9},"end":{"line":16,"column":16}},"loc":{"start":{"line":16,"column":27},"end":{"line":18,"column":3}}},"2":{"name":"(anonymous_2)","decl":{"start":{"line":20,"column":9},"end":{"line":20,"column":15}},"loc":{"start":{"line":20,"column":38},"end":{"line":22,"column":3}}}},"branchMap":{},"s":{"0":5,"1":5,"2":5,"3":19,"4":19,"5":15,"6":8,"7":5,"8":5},"f":{"0":19,"1":15,"2":8},"b":{}}
,"/home/pierre/Dev/Exercices/4/front/src/app/core/guards/auth.guard.ts": {"path":"/home/pierre/Dev/Exercices/4/front/src/app/core/guards/auth.guard.ts","statementMap":{"0":{"start":{"line":1,"column":0},"end":{"line":1,"column":41}},"1":{"start":{"line":2,"column":0},"end":{"line":2,"column":41}},"2":{"start":{"line":3,"column":0},"end":{"line":3,"column":70}},"3":{"start":{"line":8,"column":22},"end":{"line":8,"column":30}},"4":{"start":{"line":8,"column":46},"end":{"line":8,"column":62}},"5":{"start":{"line":11,"column":4},"end":{"line":14,"column":5}},"6":{"start":{"line":12,"column":6},"end":{"line":12,"column":38}},"7":{"start":{"line":13,"column":6},"end":{"line":13,"column":19}},"8":{"start":{"line":15,"column":4},"end":{"line":15,"column":16}},"9":{"start":{"line":6,"column":13},"end":{"line":6,"column":22}},"10":{"start":{"line":6,"column":13},"end":{"line":17,"column":null}}},"fnMap":{"0":{"name":"(anonymous_0)","decl":{"start":{"line":8,"column":2},"end":{"line":8,"column":22}},"loc":{"start":{"line":8,"column":76},"end":{"line":8,"column":80}}},"1":{"name":"(anonymous_1)","decl":{"start":{"line":10,"column":9},"end":{"line":10,"column":14}},"loc":{"start":{"line":10,"column":26},"end":{"line":16,"column":3}}}},"branchMap":{"0":{"loc":{"start":{"line":11,"column":4},"end":{"line":14,"column":5}},"type":"if","locations":[{"start":{"line":11,"column":4},"end":{"line":14,"column":5}}]}},"s":{"0":2,"1":2,"2":2,"3":4,"4":4,"5":4,"6":2,"7":2,"8":2,"9":2,"10":2},"f":{"0":4,"1":4},"b":{"0":[2]}}
,"/home/pierre/Dev/Exercices/4/front/src/app/core/guards/unauth.guard.ts": {"path":"/home/pierre/Dev/Exercices/4/front/src/app/core/guards/unauth.guard.ts","statementMap":{"0":{"start":{"line":1,"column":0},"end":{"line":1,"column":38}},"1":{"start":{"line":2,"column":0},"end":{"line":2,"column":41}},"2":{"start":{"line":3,"column":0},"end":{"line":3,"column":41}},"3":{"start":{"line":4,"column":0},"end":{"line":4,"column":80}},"4":{"start":{"line":10,"column":12},"end":{"line":10,"column":20}},"5":{"start":{"line":11,"column":12},"end":{"line":11,"column":28}},"6":{"start":{"line":16,"column":19},"end":{"line":16,"column":70}},"7":{"start":{"line":18,"column":4},"end":{"line":21,"column":5}},"8":{"start":{"line":19,"column":6},"end":{"line":19,"column":34}},"9":{"start":{"line":20,"column":6},"end":{"line":20,"column":19}},"10":{"start":{"line":23,"column":4},"end":{"line":23,"column":16}},"11":{"start":{"line":7,"column":13},"end":{"line":7,"column":24}},"12":{"start":{"line":7,"column":13},"end":{"line":25,"column":null}}},"fnMap":{"0":{"name":"(anonymous_0)","decl":{"start":{"line":9,"column":2},"end":{"line":9,"column":null}},"loc":{"start":{"line":11,"column":42},"end":{"line":13,"column":3}}},"1":{"name":"(anonymous_1)","decl":{"start":{"line":15,"column":9},"end":{"line":15,"column":14}},"loc":{"start":{"line":15,"column":26},"end":{"line":24,"column":3}}}},"branchMap":{"0":{"loc":{"start":{"line":18,"column":4},"end":{"line":21,"column":5}},"type":"if","locations":[{"start":{"line":18,"column":4},"end":{"line":21,"column":5}}]}},"s":{"0":2,"1":2,"2":2,"3":2,"4":7,"5":7,"6":8,"7":8,"8":4,"9":4,"10":4,"11":2,"12":2},"f":{"0":7,"1":8},"b":{"0":[4]}}
,"/home/pierre/Dev/Exercices/4/front/src/app/core/interceptors/customJwtInterceptorFn.ts": {"path":"/home/pierre/Dev/Exercices/4/front/src/app/core/interceptors/customJwtInterceptorFn.ts","statementMap":{"0":{"start":{"line":1,"column":0},"end":{"line":1,"column":39}},"1":{"start":{"line":3,"column":0},"end":{"line":3,"column":80}},"2":{"start":{"line":5,"column":57},"end":{"line":18,"column":1}},"3":{"start":{"line":6,"column":25},"end":{"line":6,"column":47}},"4":{"start":{"line":7,"column":16},"end":{"line":7,"column":56}},"5":{"start":{"line":9,"column":2},"end":{"line":15,"column":3}},"6":{"start":{"line":10,"column":4},"end":{"line":14,"column":7}},"7":{"start":{"line":17,"column":2},"end":{"line":17,"column":19}},"8":{"start":{"line":5,"column":13},"end":{"line":5,"column":57}}},"fnMap":{"0":{"name":"(anonymous_0)","decl":{"start":{"line":5,"column":57},"end":{"line":5,"column":58}},"loc":{"start":{"line":5,"column":71},"end":{"line":18,"column":1}}}},"branchMap":{"0":{"loc":{"start":{"line":9,"column":2},"end":{"line":15,"column":3}},"type":"if","locations":[{"start":{"line":9,"column":2},"end":{"line":15,"column":3}}]}},"s":{"0":1,"1":1,"2":1,"3":2,"4":2,"5":2,"6":1,"7":2,"8":1},"f":{"0":2},"b":{"0":[1]}}
,"/home/pierre/Dev/Exercices/4/front/src/app/core/services/subscription/user-subscription.service.ts": {"path":"/home/pierre/Dev/Exercices/4/front/src/app/core/services/subscription/user-subscription.service.ts","statementMap":{"0":{"start":{"line":1,"column":0},"end":{"line":1,"column":43}},"1":{"start":{"line":2,"column":0},"end":{"line":2,"column":39}},"2":{"start":{"line":3,"column":0},"end":{"line":3,"column":73}},"3":{"start":{"line":4,"column":0},"end":{"line":4,"column":80}},"4":{"start":{"line":6,"column":0},"end":{"line":6,"column":98}},"5":{"start":{"line":26,"column":12},"end":{"line":26,"column":33}},"6":{"start":{"line":27,"column":12},"end":{"line":27,"column":26}},"7":{"start":{"line":28,"column":12},"end":{"line":28,"column":28}},"8":{"start":{"line":13,"column":10},"end":{"line":13,"column":73}},"9":{"start":{"line":14,"column":2},"end":{"line":14,"column":60}},"10":{"start":{"line":16,"column":10},"end":{"line":16,"column":74}},"11":{"start":{"line":17,"column":2},"end":{"line":17,"column":70}},"12":{"start":{"line":19,"column":10},"end":{"line":19,"column":76}},"13":{"start":{"line":20,"column":2},"end":{"line":20,"column":74}},"14":{"start":{"line":22,"column":10},"end":{"line":22,"column":87}},"15":{"start":{"line":23,"column":10},"end":{"line":23,"column":89}},"16":{"start":{"line":32,"column":4},"end":{"line":32,"column":50}},"17":{"start":{"line":36,"column":4},"end":{"line":36,"column":59}},"18":{"start":{"line":37,"column":4},"end":{"line":37,"column":46}},"19":{"start":{"line":41,"column":4},"end":{"line":41,"column":54}},"20":{"start":{"line":42,"column":4},"end":{"line":42,"column":47}},"21":{"start":{"line":46,"column":4},"end":{"line":46,"column":61}},"22":{"start":{"line":47,"column":4},"end":{"line":47,"column":48}},"23":{"start":{"line":51,"column":4},"end":{"line":51,"column":56}},"24":{"start":{"line":52,"column":4},"end":{"line":52,"column":49}},"25":{"start":{"line":56,"column":22},"end":{"line":56,"column":66}},"26":{"start":{"line":57,"column":19},"end":{"line":57,"column":61}},"27":{"start":{"line":58,"column":4},"end":{"line":58,"column":38}},"28":{"start":{"line":58,"column":31},"end":{"line":58,"column":38}},"29":{"start":{"line":60,"column":41},"end":{"line":60,"column":62}},"30":{"start":{"line":62,"column":4},"end":{"line":77,"column":7}},"31":{"start":{"line":64,"column":37},"end":{"line":68,"column":10}},"32":{"start":{"line":70,"column":24},"end":{"line":70,"column":68}},"33":{"start":{"line":71,"column":8},"end":{"line":71,"column":48}},"34":{"start":{"line":73,"column":8},"end":{"line":73,"column":70}},"35":{"start":{"line":74,"column":8},"end":{"line":74,"column":31}},"36":{"start":{"line":76,"column":19},"end":{"line":76,"column":74}},"37":{"start":{"line":81,"column":22},"end":{"line":81,"column":68}},"38":{"start":{"line":82,"column":19},"end":{"line":82,"column":61}},"39":{"start":{"line":83,"column":4},"end":{"line":83,"column":38}},"40":{"start":{"line":83,"column":31},"end":{"line":83,"column":38}},"41":{"start":{"line":85,"column":41},"end":{"line":85,"column":62}},"42":{"start":{"line":87,"column":4},"end":{"line":96,"column":7}},"43":{"start":{"line":89,"column":24},"end":{"line":89,"column":91}},"44":{"start":{"line":89,"column":70},"end":{"line":89,"column":90}},"45":{"start":{"line":90,"column":8},"end":{"line":90,"column":48}},"46":{"start":{"line":92,"column":8},"end":{"line":92,"column":73}},"47":{"start":{"line":93,"column":8},"end":{"line":93,"column":33}},"48":{"start":{"line":95,"column":19},"end":{"line":95,"column":75}},"49":{"start":{"line":12,"column":13},"end":{"line":12,"column":36}},"50":{"start":{"line":12,"column":13},"end":{"line":98,"column":null}}},"fnMap":{"0":{"name":"(anonymous_0)","decl":{"start":{"line":25,"column":2},"end":{"line":25,"column":null}},"loc":{"start":{"line":28,"column":42},"end":{"line":29,"column":6}}},"1":{"name":"(anonymous_1)","decl":{"start":{"line":31,"column":2},"end":{"line":31,"column":18}},"loc":{"start":{"line":31,"column":48},"end":{"line":33,"column":3}}},"2":{"name":"(anonymous_2)","decl":{"start":{"line":35,"column":2},"end":{"line":35,"column":20}},"loc":{"start":{"line":35,"column":38},"end":{"line":38,"column":3}}},"3":{"name":"(anonymous_3)","decl":{"start":{"line":40,"column":2},"end":{"line":40,"column":17}},"loc":{"start":{"line":40,"column":17},"end":{"line":43,"column":3}}},"4":{"name":"(anonymous_4)","decl":{"start":{"line":45,"column":2},"end":{"line":45,"column":22}},"loc":{"start":{"line":45,"column":40},"end":{"line":48,"column":3}}},"5":{"name":"(anonymous_5)","decl":{"start":{"line":50,"column":2},"end":{"line":50,"column":19}},"loc":{"start":{"line":50,"column":19},"end":{"line":53,"column":3}}},"6":{"name":"(anonymous_6)","decl":{"start":{"line":55,"column":2},"end":{"line":55,"column":18}},"loc":{"start":{"line":55,"column":18},"end":{"line":78,"column":3}}},"7":{"name":"(anonymous_7)","decl":{"start":{"line":63,"column":12},"end":{"line":63,"column":15}},"loc":{"start":{"line":63,"column":17},"end":{"line":75,"column":7}}},"8":{"name":"(anonymous_8)","decl":{"start":{"line":76,"column":13},"end":{"line":76,"column":16}},"loc":{"start":{"line":76,"column":19},"end":{"line":76,"column":74}}},"9":{"name":"(anonymous_9)","decl":{"start":{"line":80,"column":2},"end":{"line":80,"column":20}},"loc":{"start":{"line":80,"column":20},"end":{"line":97,"column":3}}},"10":{"name":"(anonymous_10)","decl":{"start":{"line":88,"column":12},"end":{"line":88,"column":15}},"loc":{"start":{"line":88,"column":17},"end":{"line":94,"column":7}}},"11":{"name":"(anonymous_11)","decl":{"start":{"line":89,"column":63},"end":{"line":89,"column":66}},"loc":{"start":{"line":89,"column":70},"end":{"line":89,"column":90}}},"12":{"name":"(anonymous_12)","decl":{"start":{"line":95,"column":13},"end":{"line":95,"column":16}},"loc":{"start":{"line":95,"column":19},"end":{"line":95,"column":75}}}},"branchMap":{"0":{"loc":{"start":{"line":58,"column":4},"end":{"line":58,"column":38}},"type":"if","locations":[{"start":{"line":58,"column":4},"end":{"line":58,"column":38}}]},"1":{"loc":{"start":{"line":58,"column":8},"end":{"line":58,"column":29}},"type":"binary-expr","locations":[{"start":{"line":58,"column":8},"end":{"line":58,"column":18}},{"start":{"line":58,"column":22},"end":{"line":58,"column":29}}]},"2":{"loc":{"start":{"line":83,"column":4},"end":{"line":83,"column":38}},"type":"if","locations":[{"start":{"line":83,"column":4},"end":{"line":83,"column":38}}]},"3":{"loc":{"start":{"line":83,"column":8},"end":{"line":83,"column":29}},"type":"binary-expr","locations":[{"start":{"line":83,"column":8},"end":{"line":83,"column":18}},{"start":{"line":83,"column":22},"end":{"line":83,"column":29}}]}},"s":{"0":4,"1":4,"2":4,"3":4,"4":4,"5":14,"6":14,"7":14,"8":14,"9":14,"10":14,"11":14,"12":14,"13":14,"14":14,"15":14,"16":5,"17":5,"18":5,"19":3,"20":3,"21":6,"22":6,"23":3,"24":3,"25":4,"26":4,"27":4,"28":1,"29":3,"30":3,"31":2,"32":2,"33":2,"34":2,"35":2,"36":1,"37":5,"38":5,"39":5,"40":2,"41":3,"42":3,"43":2,"44":3,"45":2,"46":2,"47":2,"48":1,"49":4,"50":4},"f":{"0":14,"1":5,"2":5,"3":3,"4":6,"5":3,"6":4,"7":2,"8":1,"9":5,"10":2,"11":3,"12":1},"b":{"0":[1],"1":[4,3],"2":[2],"3":[5,4]}}
,"/home/pierre/Dev/Exercices/4/front/src/app/core/services/toast/toast.service.ts": {"path":"/home/pierre/Dev/Exercices/4/front/src/app/core/services/toast/toast.service.ts","statementMap":{"0":{"start":{"line":1,"column":0},"end":{"line":1,"column":43}},"1":{"start":{"line":2,"column":0},"end":{"line":2,"column":39}},"2":{"start":{"line":10,"column":7},"end":{"line":26,"column":null}},"3":{"start":{"line":11,"column":10},"end":{"line":11,"column":65}},"4":{"start":{"line":12,"column":2},"end":{"line":12,"column":44}},"5":{"start":{"line":15,"column":4},"end":{"line":15,"column":42}},"6":{"start":{"line":19,"column":4},"end":{"line":19,"column":44}},"7":{"start":{"line":23,"column":4},"end":{"line":23,"column":34}},"8":{"start":{"line":24,"column":4},"end":{"line":24,"column":57}},"9":{"start":{"line":24,"column":21},"end":{"line":24,"column":49}},"10":{"start":{"line":10,"column":13},"end":{"line":10,"column":25}},"11":{"start":{"line":10,"column":13},"end":{"line":26,"column":null}}},"fnMap":{"0":{"name":"(anonymous_0)","decl":{"start":{"line":10,"column":7},"end":{"line":10,"column":13}},"loc":{"start":{"line":10,"column":7},"end":{"line":26,"column":1}}},"1":{"name":"(anonymous_1)","decl":{"start":{"line":14,"column":2},"end":{"line":14,"column":7}},"loc":{"start":{"line":14,"column":23},"end":{"line":16,"column":3}}},"2":{"name":"(anonymous_2)","decl":{"start":{"line":18,"column":2},"end":{"line":18,"column":9}},"loc":{"start":{"line":18,"column":25},"end":{"line":20,"column":3}}},"3":{"name":"(anonymous_3)","decl":{"start":{"line":22,"column":10},"end":{"line":22,"column":14}},"loc":{"start":{"line":22,"column":27},"end":{"line":25,"column":3}}},"4":{"name":"(anonymous_4)","decl":{"start":{"line":24,"column":15},"end":{"line":24,"column":18}},"loc":{"start":{"line":24,"column":21},"end":{"line":24,"column":49}}}},"branchMap":{},"s":{"0":9,"1":9,"2":9,"3":13,"4":13,"5":3,"6":4,"7":7,"8":7,"9":3,"10":9,"11":9},"f":{"0":13,"1":3,"2":4,"3":7,"4":3},"b":{}}
,"/home/pierre/Dev/Exercices/4/front/src/app/pages/feed/feed.component.ts": {"path":"/home/pierre/Dev/Exercices/4/front/src/app/pages/feed/feed.component.ts","statementMap":{"0":{"start":{"line":1,"column":0},"end":{"line":1,"column":45}},"1":{"start":{"line":2,"column":0},"end":{"line":2,"column":47}},"2":{"start":{"line":3,"column":0},"end":{"line":3,"column":55}},"3":{"start":{"line":4,"column":0},"end":{"line":4,"column":50}},"4":{"start":{"line":5,"column":0},"end":{"line":5,"column":59}},"5":{"start":{"line":6,"column":0},"end":{"line":6,"column":59}},"6":{"start":{"line":8,"column":0},"end":{"line":8,"column":74}},"7":{"start":{"line":9,"column":0},"end":{"line":9,"column":80}},"8":{"start":{"line":10,"column":0},"end":{"line":10,"column":90}},"9":{"start":{"line":11,"column":0},"end":{"line":11,"column":93}},"10":{"start":{"line":33,"column":12},"end":{"line":33,"column":20}},"11":{"start":{"line":34,"column":12},"end":{"line":34,"column":25}},"12":{"start":{"line":35,"column":12},"end":{"line":35,"column":28}},"13":{"start":{"line":29,"column":2},"end":{"line":29,"column":21}},"14":{"start":{"line":30,"column":2},"end":{"line":30,"column":48}},"15":{"start":{"line":39,"column":19},"end":{"line":39,"column":61}},"16":{"start":{"line":40,"column":4},"end":{"line":43,"column":5}},"17":{"start":{"line":41,"column":6},"end":{"line":41,"column":34}},"18":{"start":{"line":42,"column":6},"end":{"line":42,"column":12}},"19":{"start":{"line":44,"column":4},"end":{"line":47,"column":7}},"20":{"start":{"line":45,"column":6},"end":{"line":45,"column":24}},"21":{"start":{"line":46,"column":6},"end":{"line":46,"column":23}},"22":{"start":{"line":51,"column":4},"end":{"line":60,"column":7}},"23":{"start":{"line":52,"column":6},"end":{"line":58,"column":7}},"24":{"start":{"line":53,"column":8},"end":{"line":53,"column":81}},"25":{"start":{"line":54,"column":13},"end":{"line":58,"column":7}},"26":{"start":{"line":55,"column":8},"end":{"line":55,"column":46}},"27":{"start":{"line":56,"column":13},"end":{"line":58,"column":7}},"28":{"start":{"line":57,"column":8},"end":{"line":57,"column":64}},"29":{"start":{"line":59,"column":6},"end":{"line":59,"column":15}},"30":{"start":{"line":28,"column":13},"end":{"line":28,"column":26}},"31":{"start":{"line":28,"column":13},"end":{"line":62,"column":null}}},"fnMap":{"0":{"name":"(anonymous_0)","decl":{"start":{"line":32,"column":2},"end":{"line":32,"column":null}},"loc":{"start":{"line":35,"column":42},"end":{"line":36,"column":6}}},"1":{"name":"(anonymous_1)","decl":{"start":{"line":38,"column":2},"end":{"line":38,"column":10}},"loc":{"start":{"line":38,"column":10},"end":{"line":48,"column":3}}},"2":{"name":"(anonymous_2)","decl":{"start":{"line":44,"column":64},"end":{"line":44,"column":68}},"loc":{"start":{"line":44,"column":71},"end":{"line":47,"column":5}}},"3":{"name":"(anonymous_3)","decl":{"start":{"line":50,"column":2},"end":{"line":50,"column":11}},"loc":{"start":{"line":50,"column":11},"end":{"line":61,"column":3}}},"4":{"name":"(anonymous_4)","decl":{"start":{"line":51,"column":38},"end":{"line":51,"column":39}},"loc":{"start":{"line":51,"column":47},"end":{"line":60,"column":5}}}},"branchMap":{"0":{"loc":{"start":{"line":40,"column":4},"end":{"line":43,"column":5}},"type":"if","locations":[{"start":{"line":40,"column":4},"end":{"line":43,"column":5}}]},"1":{"loc":{"start":{"line":52,"column":6},"end":{"line":58,"column":7}},"type":"if","locations":[{"start":{"line":52,"column":6},"end":{"line":58,"column":7}},{"start":{"line":54,"column":13},"end":{"line":58,"column":7}}]},"2":{"loc":{"start":{"line":54,"column":13},"end":{"line":58,"column":7}},"type":"if","locations":[{"start":{"line":54,"column":13},"end":{"line":58,"column":7}},{"start":{"line":56,"column":13},"end":{"line":58,"column":7}}]},"3":{"loc":{"start":{"line":56,"column":13},"end":{"line":58,"column":7}},"type":"if","locations":[{"start":{"line":56,"column":13},"end":{"line":58,"column":7}}]}},"s":{"0":2,"1":2,"2":2,"3":2,"4":2,"5":2,"6":2,"7":2,"8":2,"9":2,"10":6,"11":6,"12":6,"13":6,"14":6,"15":2,"16":2,"17":1,"18":1,"19":1,"20":1,"21":1,"22":4,"23":9,"24":2,"25":7,"26":3,"27":4,"28":2,"29":2,"30":2,"31":2},"f":{"0":6,"1":2,"2":1,"3":4,"4":9},"b":{"0":[1],"1":[2,7],"2":[3,4],"3":[2]}}
,"/home/pierre/Dev/Exercices/4/front/src/app/pages/home/home.component.ts": {"path":"/home/pierre/Dev/Exercices/4/front/src/app/pages/home/home.component.ts","statementMap":{"0":{"start":{"line":1,"column":0},"end":{"line":1,"column":47}},"1":{"start":{"line":2,"column":0},"end":{"line":2,"column":50}},"2":{"start":{"line":3,"column":0},"end":{"line":3,"column":80}},"3":{"start":{"line":4,"column":0},"end":{"line":4,"column":93}},"4":{"start":{"line":45,"column":22},"end":{"line":45,"column":38}},"5":{"start":{"line":43,"column":2},"end":{"line":43,"column":19}},"6":{"start":{"line":48,"column":4},"end":{"line":50,"column":7}},"7":{"start":{"line":49,"column":6},"end":{"line":49,"column":29}},"8":{"start":{"line":52,"column":4},"end":{"line":52,"column":53}},"9":{"start":{"line":42,"column":13},"end":{"line":42,"column":26}},"10":{"start":{"line":42,"column":13},"end":{"line":54,"column":null}}},"fnMap":{"0":{"name":"(anonymous_0)","decl":{"start":{"line":45,"column":2},"end":{"line":45,"column":22}},"loc":{"start":{"line":45,"column":52},"end":{"line":45,"column":56}}},"1":{"name":"(anonymous_1)","decl":{"start":{"line":47,"column":2},"end":{"line":47,"column":10}},"loc":{"start":{"line":47,"column":10},"end":{"line":53,"column":3}}},"2":{"name":"(anonymous_2)","decl":{"start":{"line":48,"column":44},"end":{"line":48,"column":50}},"loc":{"start":{"line":48,"column":53},"end":{"line":50,"column":5}}}},"branchMap":{},"s":{"0":2,"1":2,"2":2,"3":2,"4":1,"5":1,"6":1,"7":1,"8":1,"9":2,"10":2},"f":{"0":1,"1":1,"2":1},"b":{}}
,"/home/pierre/Dev/Exercices/4/front/src/app/pages/login/login.component.ts": {"path":"/home/pierre/Dev/Exercices/4/front/src/app/pages/login/login.component.ts","statementMap":{"0":{"start":{"line":1,"column":0},"end":{"line":1,"column":38}},"1":{"start":{"line":2,"column":0},"end":{"line":2,"column":41}},"2":{"start":{"line":3,"column":0},"end":{"line":3,"column":47}},"3":{"start":{"line":4,"column":0},"end":{"line":4,"column":50}},"4":{"start":{"line":5,"column":0},"end":{"line":5,"column":74}},"5":{"start":{"line":7,"column":0},"end":{"line":7,"column":78}},"6":{"start":{"line":9,"column":0},"end":{"line":9,"column":80}},"7":{"start":{"line":10,"column":0},"end":{"line":10,"column":90}},"8":{"start":{"line":11,"column":0},"end":{"line":11,"column":93}},"9":{"start":{"line":12,"column":0},"end":{"line":12,"column":107}},"10":{"start":{"line":26,"column":7},"end":{"line":60,"column":null}},"11":{"start":{"line":28,"column":10},"end":{"line":28,"column":44}},"12":{"start":{"line":29,"column":10},"end":{"line":29,"column":50}},"13":{"start":{"line":30,"column":10},"end":{"line":30,"column":35}},"14":{"start":{"line":31,"column":10},"end":{"line":31,"column":34}},"15":{"start":{"line":33,"column":9},"end":{"line":33,"column":25}},"16":{"start":{"line":35,"column":2},"end":{"line":38,"column":5}},"17":{"start":{"line":41,"column":4},"end":{"line":44,"column":5}},"18":{"start":{"line":42,"column":6},"end":{"line":42,"column":40}},"19":{"start":{"line":43,"column":6},"end":{"line":43,"column":13}},"20":{"start":{"line":46,"column":25},"end":{"line":46,"column":61}},"21":{"start":{"line":48,"column":4},"end":{"line":54,"column":5}},"22":{"start":{"line":49,"column":36},"end":{"line":49,"column":94}},"23":{"start":{"line":50,"column":6},"end":{"line":50,"column":42}},"24":{"start":{"line":51,"column":6},"end":{"line":51,"column":45}},"25":{"start":{"line":53,"column":6},"end":{"line":53,"column":26}},"26":{"start":{"line":58,"column":6},"end":{"line":58,"column":28}},"27":{"start":{"line":26,"column":13},"end":{"line":26,"column":27}},"28":{"start":{"line":26,"column":13},"end":{"line":60,"column":null}}},"fnMap":{"0":{"name":"(anonymous_0)","decl":{"start":{"line":26,"column":7},"end":{"line":26,"column":13}},"loc":{"start":{"line":26,"column":7},"end":{"line":60,"column":1}}},"1":{"name":"(anonymous_1)","decl":{"start":{"line":40,"column":2},"end":{"line":40,"column":7}},"loc":{"start":{"line":40,"column":14},"end":{"line":55,"column":3}}},"2":{"name":"(anonymous_2)","decl":{"start":{"line":57,"column":2},"end":{"line":57,"column":6}},"loc":{"start":{"line":57,"column":6},"end":{"line":59,"column":3}}}},"branchMap":{"0":{"loc":{"start":{"line":41,"column":4},"end":{"line":44,"column":5}},"type":"if","locations":[{"start":{"line":41,"column":4},"end":{"line":44,"column":5}}]}},"s":{"0":2,"1":2,"2":2,"3":2,"4":2,"5":2,"6":2,"7":2,"8":2,"9":2,"10":2,"11":8,"12":8,"13":8,"14":8,"15":8,"16":8,"17":4,"18":1,"19":1,"20":3,"21":3,"22":3,"23":2,"24":2,"25":1,"26":1,"27":2,"28":2},"f":{"0":8,"1":4,"2":1},"b":{"0":[1]}}
,"/home/pierre/Dev/Exercices/4/front/src/app/pages/post/create/post-create.component.ts": {"path":"/home/pierre/Dev/Exercices/4/front/src/app/pages/post/create/post-create.component.ts","statementMap":{"0":{"start":{"line":1,"column":0},"end":{"line":1,"column":43}},"1":{"start":{"line":2,"column":0},"end":{"line":2,"column":41}},"2":{"start":{"line":3,"column":0},"end":{"line":3,"column":47}},"3":{"start":{"line":4,"column":0},"end":{"line":4,"column":58}},"4":{"start":{"line":7,"column":0},"end":{"line":7,"column":73}},"5":{"start":{"line":8,"column":0},"end":{"line":8,"column":74}},"6":{"start":{"line":9,"column":0},"end":{"line":9,"column":74}},"7":{"start":{"line":10,"column":0},"end":{"line":10,"column":77}},"8":{"start":{"line":11,"column":0},"end":{"line":11,"column":80}},"9":{"start":{"line":12,"column":0},"end":{"line":12,"column":83}},"10":{"start":{"line":14,"column":0},"end":{"line":14,"column":90}},"11":{"start":{"line":15,"column":0},"end":{"line":15,"column":107}},"12":{"start":{"line":16,"column":0},"end":{"line":16,"column":109}},"13":{"start":{"line":47,"column":7},"end":{"line":113,"column":null}},"14":{"start":{"line":48,"column":10},"end":{"line":48,"column":34}},"15":{"start":{"line":49,"column":10},"end":{"line":49,"column":44}},"16":{"start":{"line":50,"column":10},"end":{"line":50,"column":50}},"17":{"start":{"line":51,"column":10},"end":{"line":51,"column":44}},"18":{"start":{"line":52,"column":10},"end":{"line":52,"column":50}},"19":{"start":{"line":53,"column":10},"end":{"line":53,"column":46}},"20":{"start":{"line":55,"column":2},"end":{"line":63,"column":5}},"21":{"start":{"line":65,"column":2},"end":{"line":65,"column":27}},"22":{"start":{"line":69,"column":20},"end":{"line":69,"column":58}},"23":{"start":{"line":70,"column":4},"end":{"line":86,"column":5}},"24":{"start":{"line":71,"column":6},"end":{"line":83,"column":7}},"25":{"start":{"line":72,"column":27},"end":{"line":72,"column":96}},"26":{"start":{"line":73,"column":8},"end":{"line":80,"column":66}},"27":{"start":{"line":74,"column":10},"end":{"line":74,"column":39}},"28":{"start":{"line":75,"column":10},"end":{"line":79,"column":12}},"29":{"start":{"line":77,"column":30},"end":{"line":77,"column":76}},"30":{"start":{"line":77,"column":57},"end":{"line":77,"column":75}},"31":{"start":{"line":80,"column":15},"end":{"line":80,"column":66}},"32":{"start":{"line":82,"column":8},"end":{"line":82,"column":84}},"33":{"start":{"line":85,"column":6},"end":{"line":85,"column":91}},"34":{"start":{"line":90,"column":4},"end":{"line":92,"column":5}},"35":{"start":{"line":91,"column":6},"end":{"line":91,"column":66}},"36":{"start":{"line":94,"column":4},"end":{"line":96,"column":5}},"37":{"start":{"line":95,"column":6},"end":{"line":95,"column":72}},"38":{"start":{"line":98,"column":43},"end":{"line":103,"column":6}},"39":{"start":{"line":105,"column":4},"end":{"line":111,"column":5}},"40":{"start":{"line":106,"column":6},"end":{"line":106,"column":71}},"41":{"start":{"line":107,"column":6},"end":{"line":107,"column":61}},"42":{"start":{"line":108,"column":6},"end":{"line":108,"column":44}},"43":{"start":{"line":110,"column":6},"end":{"line":110,"column":74}},"44":{"start":{"line":47,"column":13},"end":{"line":47,"column":32}},"45":{"start":{"line":47,"column":13},"end":{"line":113,"column":null}}},"fnMap":{"0":{"name":"(anonymous_0)","decl":{"start":{"line":47,"column":7},"end":{"line":47,"column":13}},"loc":{"start":{"line":47,"column":7},"end":{"line":113,"column":1}}},"1":{"name":"(anonymous_1)","decl":{"start":{"line":68,"column":2},"end":{"line":68,"column":7}},"loc":{"start":{"line":68,"column":16},"end":{"line":87,"column":3}}},"2":{"name":"(anonymous_2)","decl":{"start":{"line":77,"column":18},"end":{"line":77,"column":26}},"loc":{"start":{"line":77,"column":30},"end":{"line":77,"column":76}}},"3":{"name":"(anonymous_3)","decl":{"start":{"line":77,"column":46},"end":{"line":77,"column":53}},"loc":{"start":{"line":77,"column":57},"end":{"line":77,"column":75}}},"4":{"name":"(anonymous_4)","decl":{"start":{"line":89,"column":2},"end":{"line":89,"column":7}},"loc":{"start":{"line":89,"column":39},"end":{"line":112,"column":3}}}},"branchMap":{"0":{"loc":{"start":{"line":70,"column":4},"end":{"line":86,"column":5}},"type":"if","locations":[{"start":{"line":70,"column":4},"end":{"line":86,"column":5}},{"start":{"line":84,"column":11},"end":{"line":86,"column":5}}]},"1":{"loc":{"start":{"line":73,"column":8},"end":{"line":80,"column":66}},"type":"if","locations":[{"start":{"line":73,"column":8},"end":{"line":80,"column":66}},{"start":{"line":80,"column":15},"end":{"line":80,"column":66}}]},"2":{"loc":{"start":{"line":90,"column":4},"end":{"line":92,"column":5}},"type":"if","locations":[{"start":{"line":90,"column":4},"end":{"line":92,"column":5}}]},"3":{"loc":{"start":{"line":94,"column":4},"end":{"line":96,"column":5}},"type":"if","locations":[{"start":{"line":94,"column":4},"end":{"line":96,"column":5}}]}},"s":{"0":2,"1":2,"2":2,"3":2,"4":2,"5":2,"6":2,"7":2,"8":2,"9":2,"10":2,"11":2,"12":2,"13":2,"14":9,"15":9,"16":9,"17":9,"18":9,"19":9,"20":9,"21":9,"22":5,"23":5,"24":4,"25":4,"26":2,"27":1,"28":1,"29":1,"30":3,"31":1,"32":2,"33":1,"34":4,"35":1,"36":3,"37":1,"38":2,"39":2,"40":2,"41":1,"42":1,"43":1,"44":2,"45":2},"f":{"0":9,"1":5,"2":1,"3":3,"4":4},"b":{"0":[4,1],"1":[1,1],"2":[1],"3":[1]}}
,"/home/pierre/Dev/Exercices/4/front/src/app/pages/post/detail/post-detail.component.ts": {"path":"/home/pierre/Dev/Exercices/4/front/src/app/pages/post/detail/post-detail.component.ts","statementMap":{"0":{"start":{"line":1,"column":0},"end":{"line":1,"column":43}},"1":{"start":{"line":2,"column":0},"end":{"line":2,"column":47}},"2":{"start":{"line":3,"column":0},"end":{"line":3,"column":49}},"3":{"start":{"line":4,"column":0},"end":{"line":4,"column":50}},"4":{"start":{"line":7,"column":0},"end":{"line":7,"column":73}},"5":{"start":{"line":8,"column":0},"end":{"line":8,"column":74}},"6":{"start":{"line":9,"column":0},"end":{"line":9,"column":74}},"7":{"start":{"line":10,"column":0},"end":{"line":10,"column":80}},"8":{"start":{"line":11,"column":0},"end":{"line":11,"column":83}},"9":{"start":{"line":12,"column":0},"end":{"line":12,"column":90}},"10":{"start":{"line":14,"column":0},"end":{"line":14,"column":104}},"11":{"start":{"line":15,"column":0},"end":{"line":15,"column":107}},"12":{"start":{"line":16,"column":0},"end":{"line":16,"column":115}},"13":{"start":{"line":54,"column":12},"end":{"line":54,"column":19}},"14":{"start":{"line":55,"column":12},"end":{"line":55,"column":25}},"15":{"start":{"line":56,"column":12},"end":{"line":56,"column":28}},"16":{"start":{"line":57,"column":12},"end":{"line":57,"column":25}},"17":{"start":{"line":58,"column":12},"end":{"line":58,"column":28}},"18":{"start":{"line":59,"column":12},"end":{"line":59,"column":26}},"19":{"start":{"line":48,"column":2},"end":{"line":48,"column":27}},"20":{"start":{"line":49,"column":2},"end":{"line":49,"column":18}},"21":{"start":{"line":51,"column":2},"end":{"line":51,"column":22}},"22":{"start":{"line":63,"column":19},"end":{"line":63,"column":59}},"23":{"start":{"line":64,"column":4},"end":{"line":64,"column":24}},"24":{"start":{"line":64,"column":17},"end":{"line":64,"column":24}},"25":{"start":{"line":66,"column":4},"end":{"line":76,"column":7}},"26":{"start":{"line":68,"column":8},"end":{"line":68,"column":25}},"27":{"start":{"line":69,"column":8},"end":{"line":69,"column":56}},"28":{"start":{"line":73,"column":8},"end":{"line":73,"column":33}},"29":{"start":{"line":75,"column":19},"end":{"line":75,"column":100}},"30":{"start":{"line":78,"column":20},"end":{"line":78,"column":58}},"31":{"start":{"line":79,"column":4},"end":{"line":93,"column":5}},"32":{"start":{"line":80,"column":6},"end":{"line":90,"column":9}},"33":{"start":{"line":82,"column":10},"end":{"line":87,"column":11}},"34":{"start":{"line":83,"column":12},"end":{"line":83,"column":41}},"35":{"start":{"line":84,"column":12},"end":{"line":84,"column":55}},"36":{"start":{"line":86,"column":12},"end":{"line":86,"column":null}},"37":{"start":{"line":89,"column":21},"end":{"line":89,"column":96}},"38":{"start":{"line":92,"column":6},"end":{"line":92,"column":null}},"39":{"start":{"line":97,"column":4},"end":{"line":97,"column":40}},"40":{"start":{"line":97,"column":33},"end":{"line":97,"column":40}},"41":{"start":{"line":99,"column":36},"end":{"line":103,"column":6}},"42":{"start":{"line":105,"column":4},"end":{"line":112,"column":7}},"43":{"start":{"line":107,"column":8},"end":{"line":107,"column":36}},"44":{"start":{"line":108,"column":8},"end":{"line":108,"column":29}},"45":{"start":{"line":109,"column":8},"end":{"line":109,"column":69}},"46":{"start":{"line":111,"column":19},"end":{"line":111,"column":88}},"47":{"start":{"line":116,"column":4},"end":{"line":116,"column":26}},"48":{"start":{"line":45,"column":13},"end":{"line":45,"column":32}},"49":{"start":{"line":45,"column":13},"end":{"line":118,"column":null}}},"fnMap":{"0":{"name":"(anonymous_0)","decl":{"start":{"line":53,"column":2},"end":{"line":53,"column":null}},"loc":{"start":{"line":59,"column":38},"end":{"line":60,"column":6}}},"1":{"name":"(anonymous_1)","decl":{"start":{"line":62,"column":2},"end":{"line":62,"column":10}},"loc":{"start":{"line":62,"column":10},"end":{"line":94,"column":3}}},"2":{"name":"(anonymous_2)","decl":{"start":{"line":67,"column":16},"end":{"line":67,"column":20}},"loc":{"start":{"line":67,"column":23},"end":{"line":70,"column":7}}},"3":{"name":"(anonymous_3)","decl":{"start":{"line":72,"column":12},"end":{"line":72,"column":20}},"loc":{"start":{"line":72,"column":23},"end":{"line":74,"column":7}}},"4":{"name":"(anonymous_4)","decl":{"start":{"line":75,"column":13},"end":{"line":75,"column":16}},"loc":{"start":{"line":75,"column":19},"end":{"line":75,"column":100}}},"5":{"name":"(anonymous_5)","decl":{"start":{"line":81,"column":14},"end":{"line":81,"column":25}},"loc":{"start":{"line":81,"column":28},"end":{"line":88,"column":9}}},"6":{"name":"(anonymous_6)","decl":{"start":{"line":89,"column":15},"end":{"line":89,"column":18}},"loc":{"start":{"line":89,"column":21},"end":{"line":89,"column":96}}},"7":{"name":"(anonymous_7)","decl":{"start":{"line":96,"column":2},"end":{"line":96,"column":15}},"loc":{"start":{"line":96,"column":15},"end":{"line":113,"column":3}}},"8":{"name":"(anonymous_8)","decl":{"start":{"line":106,"column":12},"end":{"line":106,"column":19}},"loc":{"start":{"line":106,"column":22},"end":{"line":110,"column":7}}},"9":{"name":"(anonymous_9)","decl":{"start":{"line":111,"column":13},"end":{"line":111,"column":16}},"loc":{"start":{"line":111,"column":19},"end":{"line":111,"column":88}}},"10":{"name":"(anonymous_10)","decl":{"start":{"line":115,"column":2},"end":{"line":115,"column":6}},"loc":{"start":{"line":115,"column":6},"end":{"line":117,"column":3}}}},"branchMap":{"0":{"loc":{"start":{"line":64,"column":4},"end":{"line":64,"column":24}},"type":"if","locations":[{"start":{"line":64,"column":4},"end":{"line":64,"column":24}}]},"1":{"loc":{"start":{"line":79,"column":4},"end":{"line":93,"column":5}},"type":"if","locations":[{"start":{"line":79,"column":4},"end":{"line":93,"column":5}},{"start":{"line":91,"column":11},"end":{"line":93,"column":5}}]},"2":{"loc":{"start":{"line":82,"column":10},"end":{"line":87,"column":11}},"type":"if","locations":[{"start":{"line":82,"column":10},"end":{"line":87,"column":11}},{"start":{"line":85,"column":17},"end":{"line":87,"column":11}}]},"3":{"loc":{"start":{"line":97,"column":4},"end":{"line":97,"column":40}},"type":"if","locations":[{"start":{"line":97,"column":4},"end":{"line":97,"column":40}}]}},"s":{"0":2,"1":2,"2":2,"3":2,"4":2,"5":2,"6":2,"7":2,"8":2,"9":2,"10":2,"11":2,"12":2,"13":10,"14":10,"15":10,"16":10,"17":10,"18":10,"19":10,"20":10,"21":10,"22":6,"23":6,"24":1,"25":5,"26":4,"27":4,"28":4,"29":1,"30":5,"31":5,"32":4,"33":3,"34":2,"35":2,"36":1,"37":1,"38":1,"39":3,"40":1,"41":2,"42":2,"43":1,"44":1,"45":1,"46":1,"47":1,"48":2,"49":2},"f":{"0":10,"1":6,"2":4,"3":4,"4":1,"5":3,"6":1,"7":3,"8":1,"9":1,"10":1},"b":{"0":[1],"1":[4,1],"2":[2,1],"3":[1]}}
,"/home/pierre/Dev/Exercices/4/front/src/app/pages/profil/profil.component.ts": {"path":"/home/pierre/Dev/Exercices/4/front/src/app/pages/profil/profil.component.ts","statementMap":{"0":{"start":{"line":1,"column":0},"end":{"line":1,"column":47}},"1":{"start":{"line":2,"column":0},"end":{"line":2,"column":58}},"2":{"start":{"line":4,"column":0},"end":{"line":4,"column":68}},"3":{"start":{"line":5,"column":0},"end":{"line":5,"column":71}},"4":{"start":{"line":6,"column":0},"end":{"line":6,"column":73}},"5":{"start":{"line":7,"column":0},"end":{"line":7,"column":74}},"6":{"start":{"line":8,"column":0},"end":{"line":8,"column":80}},"7":{"start":{"line":9,"column":0},"end":{"line":9,"column":90}},"8":{"start":{"line":10,"column":0},"end":{"line":10,"column":97}},"9":{"start":{"line":11,"column":0},"end":{"line":11,"column":98}},"10":{"start":{"line":12,"column":0},"end":{"line":12,"column":102}},"11":{"start":{"line":13,"column":0},"end":{"line":13,"column":103}},"12":{"start":{"line":14,"column":0},"end":{"line":14,"column":113}},"13":{"start":{"line":29,"column":7},"end":{"line":94,"column":null}},"14":{"start":{"line":30,"column":10},"end":{"line":30,"column":46}},"15":{"start":{"line":31,"column":10},"end":{"line":31,"column":50}},"16":{"start":{"line":32,"column":10},"end":{"line":32,"column":44}},"17":{"start":{"line":33,"column":10},"end":{"line":33,"column":60}},"18":{"start":{"line":34,"column":10},"end":{"line":34,"column":68}},"19":{"start":{"line":36,"column":10},"end":{"line":36,"column":63}},"20":{"start":{"line":37,"column":2},"end":{"line":37,"column":67}},"21":{"start":{"line":39,"column":2},"end":{"line":39,"column":63}},"22":{"start":{"line":40,"column":2},"end":{"line":40,"column":77}},"23":{"start":{"line":43,"column":4},"end":{"line":64,"column":9}},"24":{"start":{"line":47,"column":26},"end":{"line":47,"column":65}},"25":{"start":{"line":48,"column":10},"end":{"line":48,"column":65}},"26":{"start":{"line":50,"column":20},"end":{"line":50,"column":47}},"27":{"start":{"line":52,"column":10},"end":{"line":54,"column":11}},"28":{"start":{"line":53,"column":12},"end":{"line":53,"column":26}},"29":{"start":{"line":55,"column":10},"end":{"line":55,"column":76}},"30":{"start":{"line":58,"column":10},"end":{"line":58,"column":null}},"31":{"start":{"line":59,"column":10},"end":{"line":59,"column":24}},"32":{"start":{"line":63,"column":8},"end":{"line":63,"column":69}},"33":{"start":{"line":68,"column":19},"end":{"line":68,"column":61}},"34":{"start":{"line":69,"column":4},"end":{"line":69,"column":24}},"35":{"start":{"line":69,"column":17},"end":{"line":69,"column":24}},"36":{"start":{"line":71,"column":4},"end":{"line":80,"column":5}},"37":{"start":{"line":72,"column":19},"end":{"line":73,"column":null}},"38":{"start":{"line":76,"column":6},"end":{"line":76,"column":34}},"39":{"start":{"line":77,"column":6},"end":{"line":77,"column":null}},"40":{"start":{"line":79,"column":6},"end":{"line":79,"column":null}},"41":{"start":{"line":84,"column":4},"end":{"line":84,"column":65}},"42":{"start":{"line":88,"column":4},"end":{"line":88,"column":53}},"43":{"start":{"line":92,"column":4},"end":{"line":92,"column":54}},"44":{"start":{"line":29,"column":13},"end":{"line":29,"column":28}},"45":{"start":{"line":29,"column":13},"end":{"line":94,"column":null}}},"fnMap":{"0":{"name":"(anonymous_0)","decl":{"start":{"line":29,"column":7},"end":{"line":29,"column":13}},"loc":{"start":{"line":29,"column":7},"end":{"line":94,"column":1}}},"1":{"name":"(anonymous_1)","decl":{"start":{"line":42,"column":2},"end":{"line":42,"column":10}},"loc":{"start":{"line":42,"column":10},"end":{"line":65,"column":3}}},"2":{"name":"(anonymous_2)","decl":{"start":{"line":46,"column":18},"end":{"line":46,"column":21}},"loc":{"start":{"line":46,"column":23},"end":{"line":49,"column":9}}},"3":{"name":"(anonymous_3)","decl":{"start":{"line":50,"column":12},"end":{"line":50,"column":16}},"loc":{"start":{"line":50,"column":20},"end":{"line":50,"column":47}}},"4":{"name":"(anonymous_4)","decl":{"start":{"line":51,"column":18},"end":{"line":51,"column":22}},"loc":{"start":{"line":51,"column":25},"end":{"line":56,"column":9}}},"5":{"name":"(anonymous_5)","decl":{"start":{"line":57,"column":19},"end":{"line":57,"column":22}},"loc":{"start":{"line":57,"column":24},"end":{"line":60,"column":9}}},"6":{"name":"(anonymous_6)","decl":{"start":{"line":62,"column":17},"end":{"line":62,"column":30}},"loc":{"start":{"line":62,"column":33},"end":{"line":64,"column":7}}},"7":{"name":"(anonymous_7)","decl":{"start":{"line":67,"column":2},"end":{"line":67,"column":7}},"loc":{"start":{"line":67,"column":48},"end":{"line":81,"column":3}}},"8":{"name":"(anonymous_8)","decl":{"start":{"line":83,"column":2},"end":{"line":83,"column":22}},"loc":{"start":{"line":83,"column":40},"end":{"line":85,"column":3}}},"9":{"name":"(anonymous_9)","decl":{"start":{"line":87,"column":2},"end":{"line":87,"column":19}},"loc":{"start":{"line":87,"column":19},"end":{"line":89,"column":3}}},"10":{"name":"(anonymous_10)","decl":{"start":{"line":91,"column":2},"end":{"line":91,"column":20}},"loc":{"start":{"line":91,"column":20},"end":{"line":93,"column":3}}}},"branchMap":{"0":{"loc":{"start":{"line":52,"column":10},"end":{"line":54,"column":11}},"type":"if","locations":[{"start":{"line":52,"column":10},"end":{"line":54,"column":11}}]},"1":{"loc":{"start":{"line":69,"column":4},"end":{"line":69,"column":24}},"type":"if","locations":[{"start":{"line":69,"column":4},"end":{"line":69,"column":24}}]}},"s":{"0":2,"1":2,"2":2,"3":2,"4":2,"5":2,"6":2,"7":2,"8":2,"9":2,"10":2,"11":2,"12":2,"13":2,"14":11,"15":11,"16":11,"17":11,"18":11,"19":11,"20":11,"21":11,"22":11,"23":4,"24":3,"25":3,"26":2,"27":2,"28":1,"29":1,"30":1,"31":1,"32":3,"33":3,"34":3,"35":1,"36":2,"37":2,"38":1,"39":1,"40":1,"41":1,"42":1,"43":1,"44":2,"45":2},"f":{"0":11,"1":4,"2":3,"3":2,"4":2,"5":1,"6":3,"7":3,"8":1,"9":1,"10":1},"b":{"0":[1],"1":[1]}}
,"/home/pierre/Dev/Exercices/4/front/src/app/pages/register/register.component.ts": {"path":"/home/pierre/Dev/Exercices/4/front/src/app/pages/register/register.component.ts","statementMap":{"0":{"start":{"line":1,"column":0},"end":{"line":1,"column":38}},"1":{"start":{"line":2,"column":0},"end":{"line":2,"column":41}},"2":{"start":{"line":3,"column":0},"end":{"line":3,"column":47}},"3":{"start":{"line":4,"column":0},"end":{"line":4,"column":50}},"4":{"start":{"line":5,"column":0},"end":{"line":5,"column":74}},"5":{"start":{"line":6,"column":0},"end":{"line":6,"column":78}},"6":{"start":{"line":8,"column":0},"end":{"line":8,"column":90}},"7":{"start":{"line":9,"column":0},"end":{"line":9,"column":93}},"8":{"start":{"line":10,"column":0},"end":{"line":10,"column":107}},"9":{"start":{"line":24,"column":7},"end":{"line":59,"column":null}},"10":{"start":{"line":26,"column":12},"end":{"line":26,"column":46}},"11":{"start":{"line":27,"column":12},"end":{"line":27,"column":37}},"12":{"start":{"line":28,"column":12},"end":{"line":28,"column":36}},"13":{"start":{"line":29,"column":11},"end":{"line":29,"column":27}},"14":{"start":{"line":31,"column":4},"end":{"line":35,"column":7}},"15":{"start":{"line":38,"column":8},"end":{"line":41,"column":9}},"16":{"start":{"line":39,"column":12},"end":{"line":39,"column":49}},"17":{"start":{"line":40,"column":12},"end":{"line":40,"column":19}},"18":{"start":{"line":43,"column":46},"end":{"line":43,"column":69}},"19":{"start":{"line":45,"column":49},"end":{"line":49,"column":10}},"20":{"start":{"line":51,"column":8},"end":{"line":57,"column":9}},"21":{"start":{"line":52,"column":12},"end":{"line":52,"column":77}},"22":{"start":{"line":53,"column":12},"end":{"line":53,"column":33}},"23":{"start":{"line":54,"column":12},"end":{"line":54,"column":51}},"24":{"start":{"line":56,"column":12},"end":{"line":56,"column":32}},"25":{"start":{"line":24,"column":13},"end":{"line":24,"column":30}},"26":{"start":{"line":24,"column":13},"end":{"line":59,"column":null}}},"fnMap":{"0":{"name":"(anonymous_0)","decl":{"start":{"line":24,"column":7},"end":{"line":24,"column":13}},"loc":{"start":{"line":24,"column":7},"end":{"line":59,"column":1}}},"1":{"name":"(anonymous_1)","decl":{"start":{"line":37,"column":11},"end":{"line":37,"column":16}},"loc":{"start":{"line":37,"column":23},"end":{"line":58,"column":5}}}},"branchMap":{"0":{"loc":{"start":{"line":38,"column":8},"end":{"line":41,"column":9}},"type":"if","locations":[{"start":{"line":38,"column":8},"end":{"line":41,"column":9}}]},"1":{"loc":{"start":{"line":46,"column":22},"end":{"line":46,"column":36}},"type":"binary-expr","locations":[{"start":{"line":46,"column":22},"end":{"line":46,"column":30}},{"start":{"line":46,"column":34},"end":{"line":46,"column":36}}]},"2":{"loc":{"start":{"line":47,"column":19},"end":{"line":47,"column":30}},"type":"binary-expr","locations":[{"start":{"line":47,"column":19},"end":{"line":47,"column":24}},{"start":{"line":47,"column":28},"end":{"line":47,"column":30}}]},"3":{"loc":{"start":{"line":48,"column":22},"end":{"line":48,"column":36}},"type":"binary-expr","locations":[{"start":{"line":48,"column":22},"end":{"line":48,"column":30}},{"start":{"line":48,"column":34},"end":{"line":48,"column":36}}]}},"s":{"0":2,"1":2,"2":2,"3":2,"4":2,"5":2,"6":2,"7":2,"8":2,"9":2,"10":9,"11":9,"12":9,"13":9,"14":9,"15":6,"16":1,"17":1,"18":5,"19":5,"20":5,"21":5,"22":4,"23":4,"24":1,"25":2,"26":2},"f":{"0":9,"1":6},"b":{"0":[1],"1":[5,1],"2":[5,1],"3":[5,1]}}
,"/home/pierre/Dev/Exercices/4/front/src/app/pages/subjects/subjects.component.ts": {"path":"/home/pierre/Dev/Exercices/4/front/src/app/pages/subjects/subjects.component.ts","statementMap":{"0":{"start":{"line":1,"column":0},"end":{"line":1,"column":47}},"1":{"start":{"line":2,"column":0},"end":{"line":2,"column":53}},"2":{"start":{"line":3,"column":0},"end":{"line":3,"column":59}},"3":{"start":{"line":4,"column":0},"end":{"line":4,"column":58}},"4":{"start":{"line":5,"column":0},"end":{"line":5,"column":71}},"5":{"start":{"line":7,"column":0},"end":{"line":7,"column":73}},"6":{"start":{"line":8,"column":0},"end":{"line":8,"column":80}},"7":{"start":{"line":9,"column":0},"end":{"line":9,"column":83}},"8":{"start":{"line":10,"column":0},"end":{"line":10,"column":88}},"9":{"start":{"line":11,"column":0},"end":{"line":11,"column":102}},"10":{"start":{"line":12,"column":0},"end":{"line":12,"column":103}},"11":{"start":{"line":13,"column":0},"end":{"line":13,"column":108}},"12":{"start":{"line":28,"column":7},"end":{"line":77,"column":null}},"13":{"start":{"line":29,"column":10},"end":{"line":29,"column":46}},"14":{"start":{"line":30,"column":10},"end":{"line":30,"column":50}},"15":{"start":{"line":31,"column":10},"end":{"line":31,"column":50}},"16":{"start":{"line":32,"column":9},"end":{"line":32,"column":67}},"17":{"start":{"line":37,"column":22},"end":{"line":38,"column":null}},"18":{"start":{"line":41,"column":4},"end":{"line":62,"column":6}},"19":{"start":{"line":43,"column":23},"end":{"line":43,"column":77}},"20":{"start":{"line":45,"column":26},"end":{"line":47,"column":37}},"21":{"start":{"line":49,"column":8},"end":{"line":60,"column":10}},"22":{"start":{"line":51,"column":12},"end":{"line":54,"column":15}},"23":{"start":{"line":51,"column":37},"end":{"line":54,"column":14}},"24":{"start":{"line":53,"column":54},"end":{"line":53,"column":75}},"25":{"start":{"line":57,"column":12},"end":{"line":57,"column":77}},"26":{"start":{"line":58,"column":12},"end":{"line":58,"column":26}},"27":{"start":{"line":66,"column":19},"end":{"line":66,"column":61}},"28":{"start":{"line":67,"column":4},"end":{"line":70,"column":5}},"29":{"start":{"line":68,"column":6},"end":{"line":68,"column":59}},"30":{"start":{"line":69,"column":6},"end":{"line":69,"column":13}},"31":{"start":{"line":71,"column":4},"end":{"line":71,"column":63}},"32":{"start":{"line":75,"column":4},"end":{"line":75,"column":19}},"33":{"start":{"line":28,"column":13},"end":{"line":28,"column":30}},"34":{"start":{"line":28,"column":13},"end":{"line":77,"column":null}}},"fnMap":{"0":{"name":"(anonymous_0)","decl":{"start":{"line":28,"column":7},"end":{"line":28,"column":13}},"loc":{"start":{"line":28,"column":7},"end":{"line":77,"column":1}}},"1":{"name":"(anonymous_1)","decl":{"start":{"line":36,"column":2},"end":{"line":36,"column":10}},"loc":{"start":{"line":36,"column":10},"end":{"line":63,"column":3}}},"2":{"name":"(anonymous_2)","decl":{"start":{"line":42,"column":16},"end":{"line":42,"column":24}},"loc":{"start":{"line":42,"column":27},"end":{"line":61,"column":7}}},"3":{"name":"(anonymous_3)","decl":{"start":{"line":50,"column":14},"end":{"line":50,"column":15}},"loc":{"start":{"line":51,"column":12},"end":{"line":54,"column":15}}},"4":{"name":"(anonymous_4)","decl":{"start":{"line":51,"column":25},"end":{"line":51,"column":32}},"loc":{"start":{"line":51,"column":37},"end":{"line":54,"column":14}}},"5":{"name":"(anonymous_5)","decl":{"start":{"line":53,"column":47},"end":{"line":53,"column":50}},"loc":{"start":{"line":53,"column":54},"end":{"line":53,"column":75}}},"6":{"name":"(anonymous_6)","decl":{"start":{"line":56,"column":21},"end":{"line":56,"column":24}},"loc":{"start":{"line":56,"column":26},"end":{"line":59,"column":11}}},"7":{"name":"(anonymous_7)","decl":{"start":{"line":65,"column":2},"end":{"line":65,"column":11}},"loc":{"start":{"line":65,"column":29},"end":{"line":72,"column":3}}},"8":{"name":"(anonymous_8)","decl":{"start":{"line":74,"column":2},"end":{"line":74,"column":11}},"loc":{"start":{"line":74,"column":40},"end":{"line":76,"column":3}}}},"branchMap":{"0":{"loc":{"start":{"line":45,"column":26},"end":{"line":47,"column":37}},"type":"cond-expr","locations":[{"start":{"line":46,"column":12},"end":{"line":46,"column":50}},{"start":{"line":47,"column":12},"end":{"line":47,"column":37}}]},"1":{"loc":{"start":{"line":45,"column":26},"end":{"line":45,"column":44}},"type":"binary-expr","locations":[{"start":{"line":45,"column":26},"end":{"line":45,"column":34}},{"start":{"line":45,"column":38},"end":{"line":45,"column":44}}]},"2":{"loc":{"start":{"line":53,"column":26},"end":{"line":53,"column":113}},"type":"binary-expr","locations":[{"start":{"line":53,"column":26},"end":{"line":53,"column":76}},{"start":{"line":53,"column":80},"end":{"line":53,"column":113}}]},"3":{"loc":{"start":{"line":67,"column":4},"end":{"line":70,"column":5}},"type":"if","locations":[{"start":{"line":67,"column":4},"end":{"line":70,"column":5}}]}},"s":{"0":2,"1":2,"2":2,"3":2,"4":2,"5":2,"6":2,"7":2,"8":2,"9":2,"10":2,"11":2,"12":2,"13":7,"14":7,"15":7,"16":7,"17":3,"18":3,"19":9,"20":9,"21":9,"22":6,"23":12,"24":6,"25":3,"26":3,"27":2,"28":2,"29":1,"30":1,"31":1,"32":1,"33":2,"34":2},"f":{"0":7,"1":3,"2":9,"3":6,"4":12,"5":6,"6":3,"7":2,"8":1},"b":{"0":[3,6],"1":[9,3],"2":[12,9],"3":[1]}}
,"/home/pierre/Dev/Exercices/4/front/src/environments/environment.ts": {"path":"/home/pierre/Dev/Exercices/4/front/src/environments/environment.ts","statementMap":{"0":{"start":{"line":1,"column":13},"end":{"line":4,"column":2}}},"fnMap":{},"branchMap":{},"s":{"0":15},"f":{},"b":{}}
}
