TN:
SF:src/app/app.component.ts
FN:17,(anonymous_0)
FN:19,(anonymous_1)
FNF:2
FNH:2
FNDA:6,(anonymous_0)
FNDA:3,(anonymous_1)
DA:2,1
DA:3,1
DA:4,1
DA:5,1
DA:15,1
DA:17,6
DA:20,3
LF:7
LH:7
BRF:0
BRH:0
end_of_record
TN:
SF:src/app/app.routes.ts
FNF:0
FNH:0
DA:2,1
DA:3,1
DA:4,1
DA:5,1
DA:6,1
DA:7,1
DA:8,1
DA:9,1
DA:10,1
DA:11,1
DA:13,1
LF:11
LH:11
BRF:0
BRH:0
end_of_record
TN:
SF:src/app/components/elements/shared/button/button.component.ts
FN:36,(anonymous_0)
FN:43,(anonymous_1)
FNF:2
FNH:2
FNDA:91,(anonymous_0)
FNDA:150,(anonymous_1)
DA:1,14
DA:2,14
DA:3,14
DA:36,14
DA:38,91
DA:40,91
DA:41,91
DA:44,150
LF:8
LH:8
BRF:0
BRH:0
end_of_record
TN:
SF:src/app/components/elements/shared/button-back/button-back.component.ts
FN:27,(anonymous_0)
FNF:1
FNH:1
FNDA:1,(anonymous_0)
DA:1,6
DA:2,6
DA:3,6
DA:4,6
DA:25,6
DA:28,1
LF:6
LH:6
BRF:0
BRH:0
end_of_record
TN:
SF:src/app/components/elements/shared/toast/toast.component.ts
FN:25,(anonymous_0)
FNF:1
FNH:1
FNDA:11,(anonymous_0)
DA:1,2
DA:2,2
DA:3,2
DA:22,2
DA:23,11
DA:25,11
LF:6
LH:6
BRF:0
BRH:0
end_of_record
TN:
SF:src/app/components/parts/comment/detail/comment-detail.component.ts
FN:23,(anonymous_0)
FNF:1
FNH:1
FNDA:5,(anonymous_0)
DA:1,4
DA:2,4
DA:23,4
DA:26,5
LF:4
LH:4
BRF:0
BRH:0
end_of_record
TN:
SF:src/app/components/parts/comment/form/comment-form.component.ts
FN:31,(anonymous_0)
FN:36,(anonymous_1)
FNF:2
FNH:2
FNDA:10,(anonymous_0)
FNDA:2,(anonymous_1)
DA:1,4
DA:2,4
DA:3,4
DA:4,4
DA:5,4
DA:31,4
DA:32,10
DA:33,10
DA:34,10
DA:37,2
DA:38,1
LF:11
LH:11
BRDA:37,0,0,1
BRF:1
BRH:1
end_of_record
TN:
SF:src/app/components/parts/post/detail/post-detail.component.ts
FNF:0
FNH:0
DA:1,4
DA:2,4
DA:25,4
LF:3
LH:3
BRF:0
BRH:0
end_of_record
TN:
SF:src/app/components/parts/post/form/post-form.component.ts
FN:43,(anonymous_0)
FNF:1
FNH:1
FNDA:22,(anonymous_0)
DA:1,4
DA:2,4
DA:3,4
DA:43,4
DA:45,22
LF:5
LH:5
BRF:0
BRH:0
end_of_record
TN:
SF:src/app/components/parts/profil/form/profil-form.component.ts
FN:20,(anonymous_0)
FN:28,(anonymous_1)
FN:38,(anonymous_2)
FN:70,(anonymous_3)
FNF:4
FNH:4
FNDA:10,(anonymous_0)
FNDA:10,(anonymous_1)
FNDA:7,(anonymous_2)
FNDA:2,(anonymous_3)
DA:1,3
DA:3,3
DA:4,3
DA:5,3
DA:13,3
DA:15,10
DA:20,10
DA:21,10
DA:29,10
DA:30,10
DA:39,7
DA:41,7
DA:42,2
DA:43,2
DA:44,2
DA:47,5
DA:48,5
DA:50,5
DA:51,2
DA:54,5
DA:55,2
DA:58,5
DA:59,2
DA:62,5
DA:63,1
DA:64,1
DA:67,4
DA:71,2
DA:73,2
DA:74,2
DA:75,1
DA:78,2
DA:79,2
DA:80,1
DA:83,2
LF:35
LH:35
BRDA:29,0,0,10
BRDA:29,1,0,10
BRDA:29,1,1,10
BRDA:41,2,0,2
BRDA:50,3,0,2
BRDA:50,4,0,5
BRDA:50,4,1,5
BRDA:54,5,0,2
BRDA:54,6,0,5
BRDA:54,6,1,5
BRDA:58,7,0,2
BRDA:62,8,0,1
BRDA:74,9,0,1
BRDA:79,10,0,1
BRF:14
BRH:14
end_of_record
TN:
SF:src/app/components/parts/shared/header/header.component.ts
FN:54,(anonymous_0)
FN:61,(anonymous_1)
FN:65,(anonymous_2)
FN:71,(anonymous_3)
FNF:4
FNH:4
FNDA:76,(anonymous_0)
FNDA:2,(anonymous_1)
FNDA:1,(anonymous_2)
FNDA:2,(anonymous_3)
DA:2,9
DA:3,9
DA:4,9
DA:5,9
DA:6,9
DA:47,9
DA:49,76
DA:51,76
DA:55,76
DA:56,76
DA:58,76
DA:62,2
DA:66,1
DA:67,1
DA:72,2
DA:73,2
DA:74,1
LF:17
LH:17
BRDA:73,0,0,1
BRF:1
BRH:1
end_of_record
TN:
SF:src/app/components/parts/shared/modal/confirm-modal.component.ts
FN:24,(anonymous_0)
FNF:1
FNH:1
FNDA:5,(anonymous_0)
DA:1,4
DA:2,4
DA:3,4
DA:24,4
DA:25,5
DA:26,5
DA:28,5
DA:29,5
LF:8
LH:8
BRF:0
BRH:0
end_of_record
TN:
SF:src/app/components/parts/shared/subscription/subscription.component.ts
FN:32,(anonymous_0)
FNF:1
FNH:1
FNDA:18,(anonymous_0)
DA:1,5
DA:2,5
DA:3,5
DA:32,5
DA:35,18
DA:36,18
DA:38,18
DA:39,18
LF:8
LH:8
BRF:0
BRH:0
end_of_record
TN:
SF:src/app/components/sections/comment/comment-section.component.ts
FN:32,(anonymous_0)
FN:40,(anonymous_1)
FNF:2
FNH:2
FNDA:11,(anonymous_0)
FNDA:1,(anonymous_1)
DA:1,3
DA:2,3
DA:4,3
DA:5,3
DA:32,3
DA:34,11
DA:35,11
DA:37,11
DA:38,11
DA:41,1
LF:10
LH:10
BRF:0
BRH:0
end_of_record
TN:
SF:src/app/components/sections/post/detail/post-detail-section.component.ts
FNF:0
FNH:0
DA:1,3
DA:2,3
DA:4,3
DA:20,3
LF:4
LH:4
BRF:0
BRH:0
end_of_record
TN:
SF:src/app/components/sections/post/form/post-form-section.component.ts
FN:31,(anonymous_0)
FN:37,(anonymous_1)
FNF:2
FNH:2
FNDA:17,(anonymous_0)
FNDA:2,(anonymous_1)
DA:1,3
DA:2,3
DA:3,3
DA:4,3
DA:5,3
DA:31,3
DA:33,17
DA:34,17
DA:38,2
DA:39,1
DA:44,1
DA:46,1
LF:12
LH:12
BRDA:38,0,0,1
BRDA:38,0,1,1
BRF:2
BRH:2
end_of_record
TN:
SF:src/app/components/sections/profil/subscription/subscriptions.component.ts
FN:29,(anonymous_0)
FN:33,(anonymous_1)
FNF:2
FNH:2
FNDA:5,(anonymous_0)
FNDA:1,(anonymous_1)
DA:1,3
DA:2,3
DA:4,3
DA:29,3
DA:30,5
DA:31,5
DA:34,1
LF:7
LH:7
BRF:0
BRH:0
end_of_record
TN:
SF:src/app/core/api/services/auth/auth.service.ts
FN:16,(anonymous_0)
FN:18,(anonymous_1)
FN:22,(anonymous_2)
FNF:3
FNH:3
FNDA:10,(anonymous_0)
FNDA:5,(anonymous_1)
FNDA:4,(anonymous_2)
DA:2,4
DA:3,4
DA:4,4
DA:12,4
DA:14,10
DA:16,10
DA:19,5
DA:23,4
LF:8
LH:8
BRF:0
BRH:0
end_of_record
TN:
SF:src/app/core/api/services/auth/session.service.ts
FN:12,(anonymous_0)
FN:16,(anonymous_1)
FN:24,(anonymous_2)
FN:28,(anonymous_3)
FN:34,(anonymous_4)
FN:40,(anonymous_5)
FNF:6
FNH:6
FNDA:42,(anonymous_0)
FNDA:42,(anonymous_1)
FNDA:14,(anonymous_2)
FNDA:35,(anonymous_3)
FNDA:19,(anonymous_4)
FNDA:37,(anonymous_5)
DA:1,16
DA:2,16
DA:6,16
DA:7,42
DA:8,42
DA:9,42
DA:10,42
DA:13,42
DA:17,42
DA:18,42
DA:19,5
DA:20,4
DA:25,14
DA:29,35
DA:30,35
DA:31,35
DA:35,19
DA:36,19
DA:37,19
DA:41,37
LF:20
LH:20
BRDA:18,0,0,5
BRF:1
BRH:1
end_of_record
TN:
SF:src/app/core/api/services/comment/comment.service.ts
FN:14,(anonymous_0)
FN:16,(anonymous_1)
FN:20,(anonymous_2)
FNF:3
FNH:3
FNDA:26,(anonymous_0)
FNDA:16,(anonymous_1)
FNDA:16,(anonymous_2)
DA:2,3
DA:3,3
DA:4,3
DA:11,3
DA:12,26
DA:14,26
DA:17,16
DA:21,16
LF:8
LH:8
BRF:0
BRH:0
end_of_record
TN:
SF:src/app/core/api/services/post/post.service.ts
FN:14,(anonymous_0)
FN:16,(anonymous_1)
FN:20,(anonymous_2)
FN:24,(anonymous_3)
FNF:4
FNH:4
FNDA:38,(anonymous_0)
FNDA:17,(anonymous_1)
FNDA:15,(anonymous_2)
FNDA:17,(anonymous_3)
DA:2,5
DA:3,5
DA:4,5
DA:11,5
DA:12,38
DA:14,38
DA:17,17
DA:21,15
DA:25,17
LF:9
LH:9
BRF:0
BRH:0
end_of_record
TN:
SF:src/app/core/api/services/subject/subject.service.ts
FN:14,(anonymous_0)
FN:16,(anonymous_1)
FN:20,(anonymous_2)
FNF:3
FNH:3
FNDA:39,(anonymous_0)
FNDA:21,(anonymous_1)
FNDA:32,(anonymous_2)
DA:2,4
DA:3,4
DA:4,4
DA:10,4
DA:12,39
DA:14,39
DA:17,21
DA:21,32
LF:8
LH:8
BRF:0
BRH:0
end_of_record
TN:
SF:src/app/core/api/services/subscription/subscription.service.ts
FN:15,(anonymous_0)
FN:17,(anonymous_1)
FN:21,(anonymous_2)
FN:25,(anonymous_3)
FNF:4
FNH:4
FNDA:18,(anonymous_0)
FNDA:8,(anonymous_1)
FNDA:6,(anonymous_2)
FNDA:5,(anonymous_3)
DA:2,5
DA:3,5
DA:4,5
DA:11,5
DA:13,18
DA:15,18
DA:18,8
DA:22,6
DA:26,5
LF:9
LH:9
BRF:0
BRH:0
end_of_record
TN:
SF:src/app/core/api/services/user/user.service.ts
FN:14,(anonymous_0)
FN:16,(anonymous_1)
FN:20,(anonymous_2)
FNF:3
FNH:3
FNDA:19,(anonymous_0)
FNDA:15,(anonymous_1)
FNDA:8,(anonymous_2)
DA:2,5
DA:3,5
DA:4,5
DA:10,5
DA:12,19
DA:14,19
DA:17,15
DA:21,8
LF:8
LH:8
BRF:0
BRH:0
end_of_record
TN:
SF:src/app/core/guards/auth.guard.ts
FN:8,(anonymous_0)
FN:10,(anonymous_1)
FNF:2
FNH:2
FNDA:4,(anonymous_0)
FNDA:4,(anonymous_1)
DA:1,2
DA:2,2
DA:3,2
DA:6,2
DA:8,4
DA:11,4
DA:12,2
DA:13,2
DA:15,2
LF:9
LH:9
BRDA:11,0,0,2
BRF:1
BRH:1
end_of_record
TN:
SF:src/app/core/guards/unauth.guard.ts
FN:9,(anonymous_0)
FN:15,(anonymous_1)
FNF:2
FNH:2
FNDA:7,(anonymous_0)
FNDA:8,(anonymous_1)
DA:1,2
DA:2,2
DA:3,2
DA:4,2
DA:7,2
DA:10,7
DA:11,7
DA:16,8
DA:18,8
DA:19,4
DA:20,4
DA:23,4
LF:12
LH:12
BRDA:18,0,0,4
BRF:1
BRH:1
end_of_record
TN:
SF:src/app/core/interceptors/customJwtInterceptorFn.ts
FN:5,(anonymous_0)
FNF:1
FNH:1
FNDA:2,(anonymous_0)
DA:1,1
DA:3,1
DA:5,1
DA:6,2
DA:7,2
DA:9,2
DA:10,1
DA:17,2
LF:8
LH:8
BRDA:9,0,0,1
BRF:1
BRH:1
end_of_record
TN:
SF:src/app/core/services/subscription/user-subscription.service.ts
FN:25,(anonymous_0)
FN:31,(anonymous_1)
FN:35,(anonymous_2)
FN:40,(anonymous_3)
FN:45,(anonymous_4)
FN:50,(anonymous_5)
FN:55,(anonymous_6)
FN:63,(anonymous_7)
FN:76,(anonymous_8)
FN:80,(anonymous_9)
FN:88,(anonymous_10)
FN:89,(anonymous_11)
FN:95,(anonymous_12)
FNF:13
FNH:13
FNDA:14,(anonymous_0)
FNDA:5,(anonymous_1)
FNDA:5,(anonymous_2)
FNDA:3,(anonymous_3)
FNDA:6,(anonymous_4)
FNDA:3,(anonymous_5)
FNDA:4,(anonymous_6)
FNDA:2,(anonymous_7)
FNDA:1,(anonymous_8)
FNDA:5,(anonymous_9)
FNDA:2,(anonymous_10)
FNDA:3,(anonymous_11)
FNDA:1,(anonymous_12)
DA:1,4
DA:2,4
DA:3,4
DA:4,4
DA:6,4
DA:12,4
DA:13,14
DA:14,14
DA:16,14
DA:17,14
DA:19,14
DA:20,14
DA:22,14
DA:23,14
DA:26,14
DA:27,14
DA:28,14
DA:32,5
DA:36,5
DA:37,5
DA:41,3
DA:42,3
DA:46,6
DA:47,6
DA:51,3
DA:52,3
DA:56,4
DA:57,4
DA:58,4
DA:60,3
DA:62,3
DA:64,2
DA:70,2
DA:71,2
DA:73,2
DA:74,2
DA:76,1
DA:81,5
DA:82,5
DA:83,5
DA:85,3
DA:87,3
DA:89,3
DA:90,2
DA:92,2
DA:93,2
DA:95,1
LF:47
LH:47
BRDA:58,0,0,1
BRDA:58,1,0,4
BRDA:58,1,1,3
BRDA:83,2,0,2
BRDA:83,3,0,5
BRDA:83,3,1,4
BRF:6
BRH:6
end_of_record
TN:
SF:src/app/core/services/toast/toast.service.ts
FN:10,(anonymous_0)
FN:14,(anonymous_1)
FN:18,(anonymous_2)
FN:22,(anonymous_3)
FN:24,(anonymous_4)
FNF:5
FNH:5
FNDA:13,(anonymous_0)
FNDA:3,(anonymous_1)
FNDA:4,(anonymous_2)
FNDA:7,(anonymous_3)
FNDA:3,(anonymous_4)
DA:1,10
DA:2,10
DA:10,10
DA:11,13
DA:12,13
DA:15,3
DA:19,4
DA:23,7
DA:24,7
LF:9
LH:9
BRF:0
BRH:0
end_of_record
TN:
SF:src/app/pages/feed/feed.component.ts
FN:32,(anonymous_0)
FN:38,(anonymous_1)
FN:44,(anonymous_2)
FN:50,(anonymous_3)
FN:51,(anonymous_4)
FNF:5
FNH:5
FNDA:6,(anonymous_0)
FNDA:2,(anonymous_1)
FNDA:1,(anonymous_2)
FNDA:4,(anonymous_3)
FNDA:9,(anonymous_4)
DA:1,2
DA:2,2
DA:3,2
DA:4,2
DA:5,2
DA:6,2
DA:8,2
DA:9,2
DA:10,2
DA:11,2
DA:28,2
DA:29,6
DA:30,6
DA:33,6
DA:34,6
DA:35,6
DA:39,2
DA:40,2
DA:41,1
DA:42,1
DA:44,1
DA:45,1
DA:46,1
DA:51,4
DA:52,9
DA:53,2
DA:54,7
DA:55,3
DA:56,4
DA:57,2
DA:59,2
LF:31
LH:31
BRDA:40,0,0,1
BRDA:52,1,0,2
BRDA:52,1,1,7
BRDA:54,2,0,3
BRDA:54,2,1,4
BRDA:56,3,0,2
BRF:6
BRH:6
end_of_record
TN:
SF:src/app/pages/home/home.component.ts
FN:45,(anonymous_0)
FN:47,(anonymous_1)
FN:48,(anonymous_2)
FNF:3
FNH:3
FNDA:1,(anonymous_0)
FNDA:1,(anonymous_1)
FNDA:1,(anonymous_2)
DA:1,2
DA:2,2
DA:3,2
DA:4,2
DA:42,2
DA:43,1
DA:45,1
DA:48,1
DA:49,1
DA:52,1
LF:10
LH:10
BRF:0
BRH:0
end_of_record
TN:
SF:src/app/pages/login/login.component.ts
FN:27,(anonymous_0)
FN:41,(anonymous_1)
FNF:2
FNH:2
FNDA:9,(anonymous_0)
FNDA:6,(anonymous_1)
DA:1,2
DA:2,2
DA:3,2
DA:4,2
DA:5,2
DA:6,2
DA:8,2
DA:10,2
DA:11,2
DA:12,2
DA:13,2
DA:27,2
DA:28,9
DA:29,9
DA:30,9
DA:31,9
DA:32,9
DA:36,9
DA:42,6
DA:43,1
DA:44,1
DA:47,5
DA:49,5
DA:50,5
DA:51,2
DA:52,2
DA:54,3
DA:55,1
DA:56,2
DA:57,1
DA:59,1
DA:62,3
LF:32
LH:32
BRDA:42,0,0,1
BRDA:54,1,0,1
BRDA:54,1,1,2
BRDA:56,2,0,1
BRDA:56,2,1,1
BRDA:56,3,0,2
BRDA:56,3,1,2
BRDA:56,3,2,1
BRDA:57,4,0,1
BRDA:57,4,1,1
BRF:10
BRH:10
end_of_record
TN:
SF:src/app/pages/post/create/post-create.component.ts
FN:48,(anonymous_0)
FN:71,(anonymous_1)
FN:80,(anonymous_2)
FN:80,(anonymous_3)
FN:92,(anonymous_4)
FNF:5
FNH:5
FNDA:13,(anonymous_0)
FNDA:5,(anonymous_1)
FNDA:1,(anonymous_2)
FNDA:3,(anonymous_3)
FNDA:8,(anonymous_4)
DA:1,2
DA:2,2
DA:3,2
DA:4,2
DA:7,2
DA:8,2
DA:9,2
DA:10,2
DA:11,2
DA:12,2
DA:14,2
DA:15,2
DA:16,2
DA:48,2
DA:49,13
DA:50,13
DA:51,13
DA:52,13
DA:53,13
DA:54,13
DA:58,13
DA:68,13
DA:72,5
DA:73,5
DA:74,4
DA:75,4
DA:76,2
DA:77,1
DA:78,1
DA:80,3
DA:83,1
DA:85,2
DA:88,1
DA:93,8
DA:94,1
DA:97,7
DA:98,1
DA:101,6
DA:108,6
DA:109,6
DA:110,1
DA:111,1
DA:113,5
DA:118,5
LF:44
LH:44
BRDA:73,0,0,4
BRDA:73,0,1,1
BRDA:76,1,0,1
BRDA:76,1,1,1
BRDA:93,2,0,1
BRDA:97,3,0,1
BRDA:114,4,0,5
BRDA:114,4,1,2
BRDA:114,4,2,3
BRDA:114,4,3,2
BRF:10
BRH:10
end_of_record
TN:
SF:src/app/pages/post/detail/post-detail.component.ts
FN:53,(anonymous_0)
FN:62,(anonymous_1)
FN:67,(anonymous_2)
FN:72,(anonymous_3)
FN:75,(anonymous_4)
FN:81,(anonymous_5)
FN:89,(anonymous_6)
FN:96,(anonymous_7)
FN:106,(anonymous_8)
FN:111,(anonymous_9)
FN:115,(anonymous_10)
FNF:11
FNH:11
FNDA:10,(anonymous_0)
FNDA:6,(anonymous_1)
FNDA:4,(anonymous_2)
FNDA:4,(anonymous_3)
FNDA:1,(anonymous_4)
FNDA:3,(anonymous_5)
FNDA:1,(anonymous_6)
FNDA:3,(anonymous_7)
FNDA:1,(anonymous_8)
FNDA:1,(anonymous_9)
FNDA:1,(anonymous_10)
DA:1,2
DA:2,2
DA:3,2
DA:4,2
DA:7,2
DA:8,2
DA:9,2
DA:10,2
DA:11,2
DA:12,2
DA:14,2
DA:15,2
DA:16,2
DA:45,2
DA:48,10
DA:49,10
DA:51,10
DA:54,10
DA:55,10
DA:56,10
DA:57,10
DA:58,10
DA:59,10
DA:63,6
DA:64,6
DA:66,5
DA:68,4
DA:69,4
DA:73,4
DA:75,1
DA:78,5
DA:79,5
DA:80,4
DA:82,3
DA:83,2
DA:84,2
DA:86,1
DA:89,1
DA:92,1
DA:97,3
DA:99,2
DA:105,2
DA:107,1
DA:108,1
DA:109,1
DA:111,1
DA:116,1
LF:47
LH:47
BRDA:64,0,0,1
BRDA:79,1,0,4
BRDA:79,1,1,1
BRDA:82,2,0,2
BRDA:82,2,1,1
BRDA:97,3,0,1
BRF:6
BRH:6
end_of_record
TN:
SF:src/app/pages/profil/profil.component.ts
FN:29,(anonymous_0)
FN:44,(anonymous_1)
FN:48,(anonymous_2)
FN:52,(anonymous_3)
FN:53,(anonymous_4)
FN:59,(anonymous_5)
FN:64,(anonymous_6)
FN:69,(anonymous_7)
FN:90,(anonymous_8)
FN:94,(anonymous_9)
FN:98,(anonymous_10)
FNF:11
FNH:11
FNDA:15,(anonymous_0)
FNDA:4,(anonymous_1)
FNDA:3,(anonymous_2)
FNDA:2,(anonymous_3)
FNDA:2,(anonymous_4)
FNDA:1,(anonymous_5)
FNDA:3,(anonymous_6)
FNDA:7,(anonymous_7)
FNDA:1,(anonymous_8)
FNDA:1,(anonymous_9)
FNDA:1,(anonymous_10)
DA:1,2
DA:2,2
DA:4,2
DA:5,2
DA:6,2
DA:7,2
DA:8,2
DA:9,2
DA:10,2
DA:11,2
DA:12,2
DA:13,2
DA:14,2
DA:29,2
DA:30,15
DA:31,15
DA:32,15
DA:33,15
DA:34,15
DA:36,15
DA:37,15
DA:39,15
DA:40,15
DA:45,4
DA:49,3
DA:50,3
DA:52,2
DA:54,2
DA:55,1
DA:57,1
DA:60,1
DA:61,1
DA:65,3
DA:70,7
DA:71,7
DA:73,6
DA:74,6
DA:78,1
DA:79,1
DA:81,5
DA:86,5
DA:91,1
DA:95,1
DA:99,1
LF:44
LH:44
BRDA:54,0,0,1
BRDA:71,1,0,1
BRDA:82,2,0,5
BRDA:82,2,1,2
BRDA:82,2,2,3
BRDA:82,2,3,2
BRF:6
BRH:6
end_of_record
TN:
SF:src/app/pages/register/register.component.ts
FN:27,(anonymous_0)
FN:41,(anonymous_1)
FNF:2
FNH:2
FNDA:10,(anonymous_0)
FNDA:7,(anonymous_1)
DA:1,2
DA:2,2
DA:3,2
DA:4,2
DA:5,2
DA:7,2
DA:8,2
DA:10,2
DA:12,2
DA:13,2
DA:27,2
DA:29,10
DA:30,10
DA:31,10
DA:32,10
DA:35,10
DA:42,7
DA:43,1
DA:44,1
DA:47,6
DA:49,6
DA:55,6
DA:56,6
DA:58,3
DA:63,3
DA:64,3
DA:66,3
DA:69,3
LF:28
LH:28
BRDA:42,0,0,1
BRDA:50,1,0,6
BRDA:50,1,1,1
BRDA:51,2,0,6
BRDA:51,2,1,1
BRDA:52,3,0,6
BRDA:52,3,1,1
BRDA:59,4,0,3
BRDA:59,4,1,1
BRDA:60,5,0,3
BRDA:60,5,1,1
BRDA:70,6,0,3
BRDA:70,6,1,1
BRDA:70,6,2,2
BRDA:70,6,3,1
BRF:15
BRH:15
end_of_record
TN:
SF:src/app/pages/subjects/subjects.component.ts
FN:28,(anonymous_0)
FN:36,(anonymous_1)
FN:42,(anonymous_2)
FN:50,(anonymous_3)
FN:51,(anonymous_4)
FN:53,(anonymous_5)
FN:56,(anonymous_6)
FN:65,(anonymous_7)
FN:74,(anonymous_8)
FNF:9
FNH:9
FNDA:7,(anonymous_0)
FNDA:3,(anonymous_1)
FNDA:9,(anonymous_2)
FNDA:6,(anonymous_3)
FNDA:12,(anonymous_4)
FNDA:6,(anonymous_5)
FNDA:3,(anonymous_6)
FNDA:2,(anonymous_7)
FNDA:1,(anonymous_8)
DA:1,2
DA:2,2
DA:3,2
DA:4,2
DA:5,2
DA:7,2
DA:8,2
DA:9,2
DA:10,2
DA:11,2
DA:12,2
DA:13,2
DA:28,2
DA:29,7
DA:30,7
DA:31,7
DA:32,7
DA:37,3
DA:41,3
DA:43,9
DA:45,9
DA:49,9
DA:51,12
DA:53,6
DA:57,3
DA:58,3
DA:66,2
DA:67,2
DA:68,1
DA:69,1
DA:71,1
DA:75,1
LF:32
LH:32
BRDA:45,0,0,3
BRDA:45,0,1,6
BRDA:45,1,0,9
BRDA:45,1,1,3
BRDA:53,2,0,12
BRDA:53,2,1,9
BRDA:67,3,0,1
BRF:7
BRH:7
end_of_record
TN:
SF:src/environments/environment.ts
FNF:0
FNH:0
DA:1,15
LF:1
LH:1
BRF:0
BRH:0
end_of_record
