{
  "stats": {
    "suites": 1,
    "tests": 8,
    "passes": 8,
    "pending": 0,
    "failures": 0,
    "start": "2026-02-11T16:08:00.407Z",
    "end": "2026-02-11T16:08:24.589Z",
    "duration": 24182,
    "testsRegistered": 8,
    "passPercent": 100,
    "pendingPercent": 0,
    "other": 0,
    "hasOther": false,
    "skipped": 0,
    "hasSkipped": false
  },
  "results": [
    {
      "uuid": "d27914fd-7c67-48c5-9db7-12fd11393892",
      "title": "",
      "fullFile": "cypress/e2e/app/pages/post/posts.cy.ts",
      "file": "cypress/e2e/app/pages/post/posts.cy.ts",
      "beforeHooks": [],
      "afterHooks": [],
      "tests": [],
      "suites": [
        {
          "uuid": "68082803-e785-4f54-b33b-96e1d3251acc",
          "title": "Register page",
          "fullFile": "",
          "file": "",
          "beforeHooks": [],
          "afterHooks": [],
          "tests": [
            {
              "title": "Posts / Feed - Should not acced when not authentificated",
              "fullTitle": "Register page Posts / Feed - Should not acced when not authentificated",
              "timedOut": null,
              "duration": 3508,
              "state": "passed",
              "speed": "fast",
              "pass": true,
              "fail": false,
              "pending": false,
              "context": null,
              "code": "cy.contains('button', \"Déconnexion\").click();\ncy.visit('/feed');\ncy.url().should('include', '/login');",
              "err": {},
              "uuid": "ea196b4f-5fdd-4f59-9494-28fb5a4844d1",
              "parentUUID": "68082803-e785-4f54-b33b-96e1d3251acc",
              "isHook": false,
              "skipped": false
            },
            {
              "title": "Posts / Feed - Should see page and display articles after login",
              "fullTitle": "Register page Posts / Feed - Should see page and display articles after login",
              "timedOut": null,
              "duration": 2341,
              "state": "passed",
              "speed": "fast",
              "pass": true,
              "fail": false,
              "pending": false,
              "context": null,
              "code": "cy.get('button').and('contain.text', \"Créer un article\");\ncy.get('h3').contains(_common_fixtures_post_posts_fixtures_cy_ts__WEBPACK_IMPORTED_MODULE_0__.postsFixtures[1].title);",
              "err": {},
              "uuid": "690edfc6-7797-41f4-b783-2542ea99eb65",
              "parentUUID": "68082803-e785-4f54-b33b-96e1d3251acc",
              "isHook": false,
              "skipped": false
            },
            {
              "title": "Posts / Feed - Should see create article page and go back",
              "fullTitle": "Register page Posts / Feed - Should see create article page and go back",
              "timedOut": null,
              "duration": 2448,
              "state": "passed",
              "speed": "fast",
              "pass": true,
              "fail": false,
              "pending": false,
              "context": null,
              "code": "cy.contains('button', \"Créer un article\").click();\ncy.url().should('include', '/posts/create');\ncy.get('h2').contains(\"Créer un nouvel article\");\ncy.contains('button', 'arrow_back').click();\ncy.url().should('include', '/feed');",
              "err": {},
              "uuid": "fe22ad3f-6fb1-411b-917f-20017b5b62d3",
              "parentUUID": "68082803-e785-4f54-b33b-96e1d3251acc",
              "isHook": false,
              "skipped": false
            },
            {
              "title": "Posts / Feed - Should see one article and go back",
              "fullTitle": "Register page Posts / Feed - Should see one article and go back",
              "timedOut": null,
              "duration": 2479,
              "state": "passed",
              "speed": "fast",
              "pass": true,
              "fail": false,
              "pending": false,
              "context": null,
              "code": "cy.get('h3').contains(_common_fixtures_post_posts_fixtures_cy_ts__WEBPACK_IMPORTED_MODULE_0__.postsFixtures[1].title).click();\ncy.url().should('include', '/posts/' + _common_fixtures_post_posts_fixtures_cy_ts__WEBPACK_IMPORTED_MODULE_0__.postsFixtures[1].id);\ncy.contains('button', 'arrow_back').click();\ncy.url().should('include', '/feed');",
              "err": {},
              "uuid": "62e17366-9206-4738-ba89-0ea39cc11e98",
              "parentUUID": "68082803-e785-4f54-b33b-96e1d3251acc",
              "isHook": false,
              "skipped": false
            },
            {
              "title": "Posts / Feed - Should create new article",
              "fullTitle": "Register page Posts / Feed - Should create new article",
              "timedOut": null,
              "duration": 3600,
              "state": "passed",
              "speed": "fast",
              "pass": true,
              "fail": false,
              "pending": false,
              "context": null,
              "code": "cy.contains('button', \"Créer un article\").click();\ncy.url().should('include', '/posts/create');\ncy.get('select[formControlName=subjectId]').select(\"Angular\");\ncy.get('input[formControlName=title]').type(_common_fixtures_post_newPost_fixtures_cy_ts__WEBPACK_IMPORTED_MODULE_1__.newPostFixtures.title);\ncy.get('textarea[formControlName=content]').type(_common_fixtures_post_newPost_fixtures_cy_ts__WEBPACK_IMPORTED_MODULE_1__.newPostFixtures.content);\ncy.get('button[type=submit]').click();\ncy.get('div.toast').should('be.visible').contains(\"Article créé avec succès.\");\ncy.url().should('include', '/feed');",
              "err": {},
              "uuid": "313c85b5-a77d-4c76-84ef-7d964ebbb38d",
              "parentUUID": "68082803-e785-4f54-b33b-96e1d3251acc",
              "isHook": false,
              "skipped": false
            },
            {
              "title": "Posts / Feed - Should see error when try create article without subject",
              "fullTitle": "Register page Posts / Feed - Should see error when try create article without subject",
              "timedOut": null,
              "duration": 3259,
              "state": "passed",
              "speed": "fast",
              "pass": true,
              "fail": false,
              "pending": false,
              "context": null,
              "code": "cy.contains('button', \"Créer un article\").click();\ncy.url().should('include', '/posts/create');\ncy.get('input[formControlName=title]').type(_common_fixtures_post_newPost_fixtures_cy_ts__WEBPACK_IMPORTED_MODULE_1__.newPostFixtures.title);\ncy.get('textarea[formControlName=content]').type(_common_fixtures_post_newPost_fixtures_cy_ts__WEBPACK_IMPORTED_MODULE_1__.newPostFixtures.content);\ncy.get('button[type=submit]').click();\ncy.get('div.toast').should('be.visible').contains(\"Veuillez sélectionner un sujet.\");",
              "err": {},
              "uuid": "c2a980ba-0fff-4ab0-8efa-d00a65a9ef49",
              "parentUUID": "68082803-e785-4f54-b33b-96e1d3251acc",
              "isHook": false,
              "skipped": false
            },
            {
              "title": "Posts / Feed - Should see error when try create article without content",
              "fullTitle": "Register page Posts / Feed - Should see error when try create article without content",
              "timedOut": null,
              "duration": 3079,
              "state": "passed",
              "speed": "fast",
              "pass": true,
              "fail": false,
              "pending": false,
              "context": null,
              "code": "cy.contains('button', \"Créer un article\").click();\ncy.url().should('include', '/posts/create');\ncy.get('select[formControlName=subjectId]').select(\"Angular\");\ncy.get('input[formControlName=title]').type(_common_fixtures_post_newPost_fixtures_cy_ts__WEBPACK_IMPORTED_MODULE_1__.newPostFixtures.title);\ncy.get('button[type=submit]').click();\ncy.get('div.toast').should('be.visible').contains(\"Erreur lors de la création de l'article.\");\ncy.get('.error').should('be.visible').and('contain.text', \"Content must not be blank\");",
              "err": {},
              "uuid": "1092605f-9fbe-47f0-9641-1b7bc5d9b770",
              "parentUUID": "68082803-e785-4f54-b33b-96e1d3251acc",
              "isHook": false,
              "skipped": false
            },
            {
              "title": "Posts / Feed - Should see error when try create article without title",
              "fullTitle": "Register page Posts / Feed - Should see error when try create article without title",
              "timedOut": null,
              "duration": 3059,
              "state": "passed",
              "speed": "fast",
              "pass": true,
              "fail": false,
              "pending": false,
              "context": null,
              "code": "cy.contains('button', \"Créer un article\").click();\ncy.url().should('include', '/posts/create');\ncy.get('select[formControlName=subjectId]').select(\"Angular\");\ncy.get('textarea[formControlName=content]').type(_common_fixtures_post_newPost_fixtures_cy_ts__WEBPACK_IMPORTED_MODULE_1__.newPostFixtures.content);\ncy.get('button[type=submit]').click();\ncy.get('div.toast').should('be.visible').contains(\"Erreur lors de la création de l'article.\");\ncy.get('.error').should('be.visible').and('contain.text', \"Title must not be blank\");",
              "err": {},
              "uuid": "1fba32a0-adf7-425f-851b-5a3e9bc160ec",
              "parentUUID": "68082803-e785-4f54-b33b-96e1d3251acc",
              "isHook": false,
              "skipped": false
            }
          ],
          "suites": [],
          "passes": [
            "ea196b4f-5fdd-4f59-9494-28fb5a4844d1",
            "690edfc6-7797-41f4-b783-2542ea99eb65",
            "fe22ad3f-6fb1-411b-917f-20017b5b62d3",
            "62e17366-9206-4738-ba89-0ea39cc11e98",
            "313c85b5-a77d-4c76-84ef-7d964ebbb38d",
            "c2a980ba-0fff-4ab0-8efa-d00a65a9ef49",
            "1092605f-9fbe-47f0-9641-1b7bc5d9b770",
            "1fba32a0-adf7-425f-851b-5a3e9bc160ec"
          ],
          "failures": [],
          "pending": [],
          "skipped": [],
          "duration": 23773,
          "root": false,
          "rootEmpty": false,
          "_timeout": 2000
        }
      ],
      "passes": [],
      "failures": [],
      "pending": [],
      "skipped": [],
      "duration": 0,
      "root": true,
      "rootEmpty": true,
      "_timeout": 2000
    }
  ],
  "meta": {
    "mocha": {
      "version": "7.0.1"
    },
    "mochawesome": {
      "options": {
        "quiet": false,
        "reportFilename": "mochawesome",
        "saveHtml": true,
        "saveJson": true,
        "consoleReporter": "spec",
        "useInlineDiffs": false,
        "code": true
      },
      "version": "7.1.4"
    },
    "marge": {
      "options": {
        "reportDir": "cypress/reports",
        "overwrite": false,
        "html": true,
        "json": true
      },
      "version": "6.3.2"
    }
  }
}