{
  "stats": {
    "suites": 6,
    "tests": 29,
    "passes": 29,
    "pending": 0,
    "failures": 0,
    "testsRegistered": 29,
    "passPercent": 100,
    "pendingPercent": 0,
    "other": 0,
    "hasOther": false,
    "skipped": 0,
    "hasSkipped": false,
    "start": "2026-02-11T16:07:50.946Z",
    "end": "2026-02-11T16:09:19.327Z",
    "duration": 88381
  },
  "results": [
    {
      "uuid": "82a0b3ea-6405-4c7d-9ba3-e98e42af90d2",
      "title": "",
      "fullFile": "cypress/e2e/app/pages/login/login.cy.ts",
      "file": "cypress/e2e/app/pages/login/login.cy.ts",
      "beforeHooks": [],
      "afterHooks": [],
      "tests": [],
      "suites": [
        {
          "uuid": "e570dc4d-8f03-4eb0-8c44-b266115b003d",
          "title": "Login spec",
          "fullFile": "",
          "file": "",
          "beforeHooks": [],
          "afterHooks": [],
          "tests": [
            {
              "title": "Should login successfully and redirect to subjects",
              "fullTitle": "Login spec Should login successfully and redirect to subjects",
              "timedOut": null,
              "duration": 2016,
              "state": "passed",
              "speed": "fast",
              "pass": true,
              "fail": false,
              "pending": false,
              "context": null,
              "code": "cy.loginAndStoreSession(_common_fixtures_user_users_fixtures_cy_ts__WEBPACK_IMPORTED_MODULE_0__.usersFixtures[0]);\ncy.url().should('include', '/themes');",
              "err": {},
              "uuid": "011f8cec-c4bc-4b8a-bb0d-ee4d60ffc900",
              "parentUUID": "e570dc4d-8f03-4eb0-8c44-b266115b003d",
              "isHook": false,
              "skipped": false
            },
            {
              "title": "Should login and logout successfully",
              "fullTitle": "Login spec Should login and logout successfully",
              "timedOut": null,
              "duration": 1623,
              "state": "passed",
              "speed": "fast",
              "pass": true,
              "fail": false,
              "pending": false,
              "context": null,
              "code": "cy.loginAndStoreSession(_common_fixtures_user_users_fixtures_cy_ts__WEBPACK_IMPORTED_MODULE_0__.usersFixtures[0]);\ncy.url().should('include', '/themes');\ncy.contains('span', 'Déconnexion').click();\ncy.url().should('include', '/');",
              "err": {},
              "uuid": "569b734d-e76d-45d2-afef-616d1e668437",
              "parentUUID": "e570dc4d-8f03-4eb0-8c44-b266115b003d",
              "isHook": false,
              "skipped": false
            },
            {
              "title": "Should display error message when login fails",
              "fullTitle": "Login spec Should display error message when login fails",
              "timedOut": null,
              "duration": 1384,
              "state": "passed",
              "speed": "fast",
              "pass": true,
              "fail": false,
              "pending": false,
              "context": null,
              "code": "cy.visit('/login');\ncy.get('input[formControlName=identifier]').type('wrong@user.com');\ncy.get('input[formControlName=password]').type('badpassword');\ncy.get('button[type=submit]').click();\ncy.get('.error').should('be.visible');\ncy.url().should('include', '/login');\ncy.window().then(win => {\n    expect(win.localStorage.getItem('session')).to.be.null;\n});",
              "err": {},
              "uuid": "e92c54ae-b4a0-4d94-b579-39a39c5e9b01",
              "parentUUID": "e570dc4d-8f03-4eb0-8c44-b266115b003d",
              "isHook": false,
              "skipped": false
            },
            {
              "title": "Should disable submit when email is missing or invalid",
              "fullTitle": "Login spec Should disable submit when email is missing or invalid",
              "timedOut": null,
              "duration": 1250,
              "state": "passed",
              "speed": "fast",
              "pass": true,
              "fail": false,
              "pending": false,
              "context": null,
              "code": "cy.visit('/login');\ncy.get('input[formControlName=password]').type('test!1234');\ncy.get('input[formControlName=identifier]').clear();\ncy.get('button[type=submit]').click();\ncy.get('.error').should('be.visible').and('contain.text', 'E-mail ou nom d’utilisateur requis');",
              "err": {},
              "uuid": "86417a40-3f53-4f78-bcf8-cfc1432723b0",
              "parentUUID": "e570dc4d-8f03-4eb0-8c44-b266115b003d",
              "isHook": false,
              "skipped": false
            },
            {
              "title": "Should disable submit when password is missing",
              "fullTitle": "Login spec Should disable submit when password is missing",
              "timedOut": null,
              "duration": 1071,
              "state": "passed",
              "speed": "fast",
              "pass": true,
              "fail": false,
              "pending": false,
              "context": null,
              "code": "cy.visit('/login');\ncy.get('input[formControlName=identifier]').type(_common_fixtures_user_users_fixtures_cy_ts__WEBPACK_IMPORTED_MODULE_0__.usersFixtures[0].username);\ncy.get('button[type=submit]').click();\ncy.get('.error').should('be.visible').and('contain.text', 'Mot de passe requis');",
              "err": {},
              "uuid": "29ebd5b5-3cd6-48ce-859d-767d699770af",
              "parentUUID": "e570dc4d-8f03-4eb0-8c44-b266115b003d",
              "isHook": false,
              "skipped": false
            }
          ],
          "suites": [],
          "passes": [
            "011f8cec-c4bc-4b8a-bb0d-ee4d60ffc900",
            "569b734d-e76d-45d2-afef-616d1e668437",
            "e92c54ae-b4a0-4d94-b579-39a39c5e9b01",
            "86417a40-3f53-4f78-bcf8-cfc1432723b0",
            "29ebd5b5-3cd6-48ce-859d-767d699770af"
          ],
          "failures": [],
          "pending": [],
          "skipped": [],
          "duration": 7344,
          "root": false,
          "rootEmpty": false,
          "_timeout": 2000
        }
      ],
      "passes": [],
      "failures": [],
      "pending": [],
      "skipped": [],
      "duration": 0,
      "root": true,
      "rootEmpty": true,
      "_timeout": 2000
    },
    {
      "uuid": "d27914fd-7c67-48c5-9db7-12fd11393892",
      "title": "",
      "fullFile": "cypress/e2e/app/pages/post/posts.cy.ts",
      "file": "cypress/e2e/app/pages/post/posts.cy.ts",
      "beforeHooks": [],
      "afterHooks": [],
      "tests": [],
      "suites": [
        {
          "uuid": "68082803-e785-4f54-b33b-96e1d3251acc",
          "title": "Register page",
          "fullFile": "",
          "file": "",
          "beforeHooks": [],
          "afterHooks": [],
          "tests": [
            {
              "title": "Posts / Feed - Should not acced when not authentificated",
              "fullTitle": "Register page Posts / Feed - Should not acced when not authentificated",
              "timedOut": null,
              "duration": 3508,
              "state": "passed",
              "speed": "fast",
              "pass": true,
              "fail": false,
              "pending": false,
              "context": null,
              "code": "cy.contains('button', \"Déconnexion\").click();\ncy.visit('/feed');\ncy.url().should('include', '/login');",
              "err": {},
              "uuid": "ea196b4f-5fdd-4f59-9494-28fb5a4844d1",
              "parentUUID": "68082803-e785-4f54-b33b-96e1d3251acc",
              "isHook": false,
              "skipped": false
            },
            {
              "title": "Posts / Feed - Should see page and display articles after login",
              "fullTitle": "Register page Posts / Feed - Should see page and display articles after login",
              "timedOut": null,
              "duration": 2341,
              "state": "passed",
              "speed": "fast",
              "pass": true,
              "fail": false,
              "pending": false,
              "context": null,
              "code": "cy.get('button').and('contain.text', \"Créer un article\");\ncy.get('h3').contains(_common_fixtures_post_posts_fixtures_cy_ts__WEBPACK_IMPORTED_MODULE_0__.postsFixtures[1].title);",
              "err": {},
              "uuid": "690edfc6-7797-41f4-b783-2542ea99eb65",
              "parentUUID": "68082803-e785-4f54-b33b-96e1d3251acc",
              "isHook": false,
              "skipped": false
            },
            {
              "title": "Posts / Feed - Should see create article page and go back",
              "fullTitle": "Register page Posts / Feed - Should see create article page and go back",
              "timedOut": null,
              "duration": 2448,
              "state": "passed",
              "speed": "fast",
              "pass": true,
              "fail": false,
              "pending": false,
              "context": null,
              "code": "cy.contains('button', \"Créer un article\").click();\ncy.url().should('include', '/posts/create');\ncy.get('h2').contains(\"Créer un nouvel article\");\ncy.contains('button', 'arrow_back').click();\ncy.url().should('include', '/feed');",
              "err": {},
              "uuid": "fe22ad3f-6fb1-411b-917f-20017b5b62d3",
              "parentUUID": "68082803-e785-4f54-b33b-96e1d3251acc",
              "isHook": false,
              "skipped": false
            },
            {
              "title": "Posts / Feed - Should see one article and go back",
              "fullTitle": "Register page Posts / Feed - Should see one article and go back",
              "timedOut": null,
              "duration": 2479,
              "state": "passed",
              "speed": "fast",
              "pass": true,
              "fail": false,
              "pending": false,
              "context": null,
              "code": "cy.get('h3').contains(_common_fixtures_post_posts_fixtures_cy_ts__WEBPACK_IMPORTED_MODULE_0__.postsFixtures[1].title).click();\ncy.url().should('include', '/posts/' + _common_fixtures_post_posts_fixtures_cy_ts__WEBPACK_IMPORTED_MODULE_0__.postsFixtures[1].id);\ncy.contains('button', 'arrow_back').click();\ncy.url().should('include', '/feed');",
              "err": {},
              "uuid": "62e17366-9206-4738-ba89-0ea39cc11e98",
              "parentUUID": "68082803-e785-4f54-b33b-96e1d3251acc",
              "isHook": false,
              "skipped": false
            },
            {
              "title": "Posts / Feed - Should create new article",
              "fullTitle": "Register page Posts / Feed - Should create new article",
              "timedOut": null,
              "duration": 3600,
              "state": "passed",
              "speed": "fast",
              "pass": true,
              "fail": false,
              "pending": false,
              "context": null,
              "code": "cy.contains('button', \"Créer un article\").click();\ncy.url().should('include', '/posts/create');\ncy.get('select[formControlName=subjectId]').select(\"Angular\");\ncy.get('input[formControlName=title]').type(_common_fixtures_post_newPost_fixtures_cy_ts__WEBPACK_IMPORTED_MODULE_1__.newPostFixtures.title);\ncy.get('textarea[formControlName=content]').type(_common_fixtures_post_newPost_fixtures_cy_ts__WEBPACK_IMPORTED_MODULE_1__.newPostFixtures.content);\ncy.get('button[type=submit]').click();\ncy.get('div.toast').should('be.visible').contains(\"Article créé avec succès.\");\ncy.url().should('include', '/feed');",
              "err": {},
              "uuid": "313c85b5-a77d-4c76-84ef-7d964ebbb38d",
              "parentUUID": "68082803-e785-4f54-b33b-96e1d3251acc",
              "isHook": false,
              "skipped": false
            },
            {
              "title": "Posts / Feed - Should see error when try create article without subject",
              "fullTitle": "Register page Posts / Feed - Should see error when try create article without subject",
              "timedOut": null,
              "duration": 3259,
              "state": "passed",
              "speed": "fast",
              "pass": true,
              "fail": false,
              "pending": false,
              "context": null,
              "code": "cy.contains('button', \"Créer un article\").click();\ncy.url().should('include', '/posts/create');\ncy.get('input[formControlName=title]').type(_common_fixtures_post_newPost_fixtures_cy_ts__WEBPACK_IMPORTED_MODULE_1__.newPostFixtures.title);\ncy.get('textarea[formControlName=content]').type(_common_fixtures_post_newPost_fixtures_cy_ts__WEBPACK_IMPORTED_MODULE_1__.newPostFixtures.content);\ncy.get('button[type=submit]').click();\ncy.get('div.toast').should('be.visible').contains(\"Veuillez sélectionner un sujet.\");",
              "err": {},
              "uuid": "c2a980ba-0fff-4ab0-8efa-d00a65a9ef49",
              "parentUUID": "68082803-e785-4f54-b33b-96e1d3251acc",
              "isHook": false,
              "skipped": false
            },
            {
              "title": "Posts / Feed - Should see error when try create article without content",
              "fullTitle": "Register page Posts / Feed - Should see error when try create article without content",
              "timedOut": null,
              "duration": 3079,
              "state": "passed",
              "speed": "fast",
              "pass": true,
              "fail": false,
              "pending": false,
              "context": null,
              "code": "cy.contains('button', \"Créer un article\").click();\ncy.url().should('include', '/posts/create');\ncy.get('select[formControlName=subjectId]').select(\"Angular\");\ncy.get('input[formControlName=title]').type(_common_fixtures_post_newPost_fixtures_cy_ts__WEBPACK_IMPORTED_MODULE_1__.newPostFixtures.title);\ncy.get('button[type=submit]').click();\ncy.get('div.toast').should('be.visible').contains(\"Erreur lors de la création de l'article.\");\ncy.get('.error').should('be.visible').and('contain.text', \"Content must not be blank\");",
              "err": {},
              "uuid": "1092605f-9fbe-47f0-9641-1b7bc5d9b770",
              "parentUUID": "68082803-e785-4f54-b33b-96e1d3251acc",
              "isHook": false,
              "skipped": false
            },
            {
              "title": "Posts / Feed - Should see error when try create article without title",
              "fullTitle": "Register page Posts / Feed - Should see error when try create article without title",
              "timedOut": null,
              "duration": 3059,
              "state": "passed",
              "speed": "fast",
              "pass": true,
              "fail": false,
              "pending": false,
              "context": null,
              "code": "cy.contains('button', \"Créer un article\").click();\ncy.url().should('include', '/posts/create');\ncy.get('select[formControlName=subjectId]').select(\"Angular\");\ncy.get('textarea[formControlName=content]').type(_common_fixtures_post_newPost_fixtures_cy_ts__WEBPACK_IMPORTED_MODULE_1__.newPostFixtures.content);\ncy.get('button[type=submit]').click();\ncy.get('div.toast').should('be.visible').contains(\"Erreur lors de la création de l'article.\");\ncy.get('.error').should('be.visible').and('contain.text', \"Title must not be blank\");",
              "err": {},
              "uuid": "1fba32a0-adf7-425f-851b-5a3e9bc160ec",
              "parentUUID": "68082803-e785-4f54-b33b-96e1d3251acc",
              "isHook": false,
              "skipped": false
            }
          ],
          "suites": [],
          "passes": [
            "ea196b4f-5fdd-4f59-9494-28fb5a4844d1",
            "690edfc6-7797-41f4-b783-2542ea99eb65",
            "fe22ad3f-6fb1-411b-917f-20017b5b62d3",
            "62e17366-9206-4738-ba89-0ea39cc11e98",
            "313c85b5-a77d-4c76-84ef-7d964ebbb38d",
            "c2a980ba-0fff-4ab0-8efa-d00a65a9ef49",
            "1092605f-9fbe-47f0-9641-1b7bc5d9b770",
            "1fba32a0-adf7-425f-851b-5a3e9bc160ec"
          ],
          "failures": [],
          "pending": [],
          "skipped": [],
          "duration": 23773,
          "root": false,
          "rootEmpty": false,
          "_timeout": 2000
        }
      ],
      "passes": [],
      "failures": [],
      "pending": [],
      "skipped": [],
      "duration": 0,
      "root": true,
      "rootEmpty": true,
      "_timeout": 2000
    },
    {
      "uuid": "e1efd247-a51c-4145-819e-e7de46f3068b",
      "title": "",
      "fullFile": "cypress/e2e/app/pages/comment/comments.cy.ts",
      "file": "cypress/e2e/app/pages/comment/comments.cy.ts",
      "beforeHooks": [],
      "afterHooks": [],
      "tests": [],
      "suites": [
        {
          "uuid": "ae461587-d716-476e-9a8a-251fce09ab1c",
          "title": "Register page",
          "fullFile": "",
          "file": "",
          "beforeHooks": [],
          "afterHooks": [],
          "tests": [
            {
              "title": "Comments - Should see article comments and go back",
              "fullTitle": "Register page Comments - Should see article comments and go back",
              "timedOut": null,
              "duration": 2732,
              "state": "passed",
              "speed": "fast",
              "pass": true,
              "fail": false,
              "pending": false,
              "context": null,
              "code": "cy.get('h3').contains(post.title).click();\ncy.url().should('include', '/posts/' + post.id);\ncy.get('h1').contains(post.title);\ncy.get('span.author').contains(\"UserTwo\");\ncy.get('div').contains(_common_fixtures_post_posts_fixtures_cy_ts__WEBPACK_IMPORTED_MODULE_0__.postsFixtures[1].content);\ncy.get('div.content').contains(comment.content);",
              "err": {},
              "uuid": "bcdec414-873e-4449-a32c-4c1a5bb9cfb8",
              "parentUUID": "ae461587-d716-476e-9a8a-251fce09ab1c",
              "isHook": false,
              "skipped": false
            },
            {
              "title": "Comments - Should not create comment when content is empty",
              "fullTitle": "Register page Comments - Should not create comment when content is empty",
              "timedOut": null,
              "duration": 3011,
              "state": "passed",
              "speed": "fast",
              "pass": true,
              "fail": false,
              "pending": false,
              "context": null,
              "code": "cy.visit('/posts/' + post.id);\ncy.get('h1').contains(post.title);\ncy.get('button[type=submit]').should('be.disabled');",
              "err": {},
              "uuid": "18503574-024c-4731-9ea3-76a4b69f6dd3",
              "parentUUID": "ae461587-d716-476e-9a8a-251fce09ab1c",
              "isHook": false,
              "skipped": false
            },
            {
              "title": "Comments - Should create comment and see it in article page",
              "fullTitle": "Register page Comments - Should create comment and see it in article page",
              "timedOut": null,
              "duration": 3397,
              "state": "passed",
              "speed": "fast",
              "pass": true,
              "fail": false,
              "pending": false,
              "context": null,
              "code": "cy.visit('/posts/' + post.id);\ncy.get('h1').contains(post.title);\ncy.get('textarea[name=comment]').type(_common_fixtures_post_newPost_fixtures_cy_ts__WEBPACK_IMPORTED_MODULE_1__.newPostFixtures.content);\ncy.get('button[type=submit]').click();\ncy.get('div.toast').should('be.visible');\ncy.get('div').contains(_common_fixtures_post_newPost_fixtures_cy_ts__WEBPACK_IMPORTED_MODULE_1__.newPostFixtures.content);",
              "err": {},
              "uuid": "92d52d99-6563-498f-a12f-0d640a657628",
              "parentUUID": "ae461587-d716-476e-9a8a-251fce09ab1c",
              "isHook": false,
              "skipped": false
            }
          ],
          "suites": [],
          "passes": [
            "bcdec414-873e-4449-a32c-4c1a5bb9cfb8",
            "18503574-024c-4731-9ea3-76a4b69f6dd3",
            "92d52d99-6563-498f-a12f-0d640a657628"
          ],
          "failures": [],
          "pending": [],
          "skipped": [],
          "duration": 9140,
          "root": false,
          "rootEmpty": false,
          "_timeout": 2000
        }
      ],
      "passes": [],
      "failures": [],
      "pending": [],
      "skipped": [],
      "duration": 0,
      "root": true,
      "rootEmpty": true,
      "_timeout": 2000
    },
    {
      "uuid": "ac0f76cf-cba0-4fd5-97a4-e95b6aca2a17",
      "title": "",
      "fullFile": "cypress/e2e/app/pages/profil/profil.cy.ts",
      "file": "cypress/e2e/app/pages/profil/profil.cy.ts",
      "beforeHooks": [],
      "afterHooks": [],
      "tests": [],
      "suites": [
        {
          "uuid": "3480a099-14dd-4f15-9c6e-39a1720ade02",
          "title": "Profil page",
          "fullFile": "",
          "file": "",
          "beforeHooks": [],
          "afterHooks": [],
          "tests": [
            {
              "title": "Profil - Should swho profil page and see username and email",
              "fullTitle": "Profil page Profil - Should swho profil page and see username and email",
              "timedOut": null,
              "duration": 2581,
              "state": "passed",
              "speed": "fast",
              "pass": true,
              "fail": false,
              "pending": false,
              "context": null,
              "code": "cy.get(\"H2\").contains(\"Profil utilisateur\");\ncy.get('input[formControlName=username]').should('have.value', user.username);\ncy.get('input[formControlName=email]').should('have.value', user.email);",
              "err": {},
              "uuid": "7645f7c1-7f0b-4c60-b783-e4ff00705bc1",
              "parentUUID": "3480a099-14dd-4f15-9c6e-39a1720ade02",
              "isHook": false,
              "skipped": false
            },
            {
              "title": "Profil - Should update username then re-update username with original",
              "fullTitle": "Profil page Profil - Should update username then re-update username with original",
              "timedOut": null,
              "duration": 3372,
              "state": "passed",
              "speed": "fast",
              "pass": true,
              "fail": false,
              "pending": false,
              "context": null,
              "code": "cy.get('input[formControlName=username]').clear().type(user.username + '-test');\ncy.get('button[type=submit]').click();\ncy.get('div.toast').should('be.visible').and('contain.text', 'Profil mis à jour.');\ncy.get('input[formControlName=username]').should('have.value', user.username + '-test');\ncy.get('input[formControlName=username]').clear().type(user.username);\ncy.get('button[type=submit]').click();\ncy.get('div.toast').should('be.visible').and('contain.text', 'Profil mis à jour.');\ncy.get('input[formControlName=username]').should('have.value', user.username);",
              "err": {},
              "uuid": "93c638fc-19bf-400d-b4be-9bc1bb2079ed",
              "parentUUID": "3480a099-14dd-4f15-9c6e-39a1720ade02",
              "isHook": false,
              "skipped": false
            },
            {
              "title": "Profil - Should update email then re-update email with original",
              "fullTitle": "Profil page Profil - Should update email then re-update email with original",
              "timedOut": null,
              "duration": 3437,
              "state": "passed",
              "speed": "fast",
              "pass": true,
              "fail": false,
              "pending": false,
              "context": null,
              "code": "cy.get('input[formControlName=email]').clear().type('testProfil@mail.com');\ncy.get('button[type=submit]').click();\ncy.get('div.toast').should('be.visible').and('contain.text', 'Profil mis à jour.');\ncy.get('input[formControlName=email]').should('have.value', 'testProfil@mail.com');\ncy.get('input[formControlName=email]').clear().type(user.email);\ncy.get('button[type=submit]').click();\ncy.get('div.toast').should('be.visible').and('contain.text', 'Profil mis à jour.');\ncy.get('input[formControlName=email]').should('have.value', user.email);",
              "err": {},
              "uuid": "c5e256fb-bbbd-41c2-9cee-f31c2fa34f69",
              "parentUUID": "3480a099-14dd-4f15-9c6e-39a1720ade02",
              "isHook": false,
              "skipped": false
            },
            {
              "title": "Profil - Should show erros when bad update email or usernamel",
              "fullTitle": "Profil page Profil - Should show erros when bad update email or usernamel",
              "timedOut": null,
              "duration": 3704,
              "state": "passed",
              "speed": "fast",
              "pass": true,
              "fail": false,
              "pending": false,
              "context": null,
              "code": "cy.get('input[formControlName=email]').clear().type('testProfil');\ncy.get('button[type=submit]').click();\ncy.get('.error').should('be.visible').and('contain.text', \"Le format de l’email est invalide.\");\ncy.get('input[formControlName=email]').clear();\ncy.get('button[type=submit]').click();\ncy.get('.error').should('be.visible').and('contain.text', \"Aucune modification à enregistrer.\");\ncy.get('input[formControlName=email]').clear().type(user.email);\ncy.get('input[formControlName=username]').clear();\ncy.get('button[type=submit]').click();\ncy.get('.error').should('be.visible').and('contain.text', \"Aucune modification à enregistrer.\");",
              "err": {},
              "uuid": "fe1b4d9c-d0d0-40f8-bdc2-4f5a3a5bb4d5",
              "parentUUID": "3480a099-14dd-4f15-9c6e-39a1720ade02",
              "isHook": false,
              "skipped": false
            },
            {
              "title": "Profil - Should show erros when bad update pasword",
              "fullTitle": "Profil page Profil - Should show erros when bad update pasword",
              "timedOut": null,
              "duration": 3113,
              "state": "passed",
              "speed": "fast",
              "pass": true,
              "fail": false,
              "pending": false,
              "context": null,
              "code": "cy.get('input[formControlName=password]').clear().type('test');\ncy.get('button[type=submit]').click();\ncy.get('.error').should('be.visible');\ncy.get('input[formControlName=password]').clear().type('ttttttttttt');\ncy.get('button[type=submit]').click();\ncy.get('.error').should('be.visible');",
              "err": {},
              "uuid": "a26b319d-aab9-4227-a468-668cd8044cf2",
              "parentUUID": "3480a099-14dd-4f15-9c6e-39a1720ade02",
              "isHook": false,
              "skipped": false
            }
          ],
          "suites": [],
          "passes": [
            "7645f7c1-7f0b-4c60-b783-e4ff00705bc1",
            "93c638fc-19bf-400d-b4be-9bc1bb2079ed",
            "c5e256fb-bbbd-41c2-9cee-f31c2fa34f69",
            "fe1b4d9c-d0d0-40f8-bdc2-4f5a3a5bb4d5",
            "a26b319d-aab9-4227-a468-668cd8044cf2"
          ],
          "failures": [],
          "pending": [],
          "skipped": [],
          "duration": 16207,
          "root": false,
          "rootEmpty": false,
          "_timeout": 2000
        }
      ],
      "passes": [],
      "failures": [],
      "pending": [],
      "skipped": [],
      "duration": 0,
      "root": true,
      "rootEmpty": true,
      "_timeout": 2000
    },
    {
      "uuid": "afd02989-a06c-40c7-a034-45b87911836c",
      "title": "",
      "fullFile": "cypress/e2e/app/pages/register/register.cy.ts",
      "file": "cypress/e2e/app/pages/register/register.cy.ts",
      "beforeHooks": [],
      "afterHooks": [],
      "tests": [],
      "suites": [
        {
          "uuid": "68079dcf-1a74-4b7e-88f1-7126d4142759",
          "title": "Register page",
          "fullFile": "",
          "file": "",
          "beforeHooks": [],
          "afterHooks": [],
          "tests": [
            {
              "title": "Should display register form correctly",
              "fullTitle": "Register page Should display register form correctly",
              "timedOut": null,
              "duration": 904,
              "state": "passed",
              "speed": "fast",
              "pass": true,
              "fail": false,
              "pending": false,
              "context": null,
              "code": "cy.get('h2').should('have.text', 'Inscription');\ncy.get('input[formControlName=userName]').should('exist');\ncy.get('input[formControlName=email]').should('exist');\ncy.get('input[formControlName=password]').should('exist');",
              "err": {},
              "uuid": "de49a494-90a6-4679-8097-796c2ccc4a41",
              "parentUUID": "68079dcf-1a74-4b7e-88f1-7126d4142759",
              "isHook": false,
              "skipped": false
            },
            {
              "title": "Should register successfully and redirect to themes",
              "fullTitle": "Register page Should register successfully and redirect to themes",
              "timedOut": null,
              "duration": 1737,
              "state": "passed",
              "speed": "fast",
              "pass": true,
              "fail": false,
              "pending": false,
              "context": null,
              "code": "cy.intercept('POST', '/api/auth/register', { statusCode: 200, body: {} }).as('register');\ncy.get('input[formControlName=userName]').type(_common_fixtures_user_newUser_fixtures_cy_ts__WEBPACK_IMPORTED_MODULE_1__.newUserFixtures.username);\ncy.get('input[formControlName=email]').type(_common_fixtures_user_newUser_fixtures_cy_ts__WEBPACK_IMPORTED_MODULE_1__.newUserFixtures.email);\ncy.get('input[formControlName=password]').type(_common_fixtures_user_newUser_fixtures_cy_ts__WEBPACK_IMPORTED_MODULE_1__.newUserFixtures.password);\ncy.get('button[type=submit]').click();\ncy.wait('@register');",
              "err": {},
              "uuid": "5560e0ab-3be1-4f38-b424-189f86d869e6",
              "parentUUID": "68079dcf-1a74-4b7e-88f1-7126d4142759",
              "isHook": false,
              "skipped": false
            },
            {
              "title": "Should display error message when register fails",
              "fullTitle": "Register page Should display error message when register fails",
              "timedOut": null,
              "duration": 1580,
              "state": "passed",
              "speed": "fast",
              "pass": true,
              "fail": false,
              "pending": false,
              "context": null,
              "code": "cy.intercept('POST', '/api/auth/register', { statusCode: 500 }).as('register');\ncy.get('input[formControlName=userName]').type(user.username);\ncy.get('input[formControlName=email]').type(user.email);\ncy.get('input[formControlName=password]').type(_common_fixtures_user_newUser_fixtures_cy_ts__WEBPACK_IMPORTED_MODULE_1__.newUserFixtures.password);\ncy.get('button[type=submit]').click();\ncy.get('.error').should('be.visible').and('contain.text', \"Une erreur est survenue\");\ncy.url().should('include', '/signin');",
              "err": {},
              "uuid": "c2562a39-0def-4d52-bc8b-9a898c02781a",
              "parentUUID": "68079dcf-1a74-4b7e-88f1-7126d4142759",
              "isHook": false,
              "skipped": false
            },
            {
              "title": "Should display error when password not conain one uppercase letter",
              "fullTitle": "Register page Should display error when password not conain one uppercase letter",
              "timedOut": null,
              "duration": 1577,
              "state": "passed",
              "speed": "fast",
              "pass": true,
              "fail": false,
              "pending": false,
              "context": null,
              "code": "cy.intercept('POST', '/api/auth/register', { statusCode: 500 }).as('register');\ncy.get('input[formControlName=userName]').type(_common_fixtures_user_newUser_fixtures_cy_ts__WEBPACK_IMPORTED_MODULE_1__.newUserFixtures.username);\ncy.get('input[formControlName=email]').type(_common_fixtures_user_newUser_fixtures_cy_ts__WEBPACK_IMPORTED_MODULE_1__.newUserFixtures.email);\ncy.get('input[formControlName=password]').type('test!1234');\ncy.get('button[type=submit]').click();\ncy.get('.error').should('be.visible').and('contain.text', \"Une erreur est survenue\");",
              "err": {},
              "uuid": "4459207a-9b12-4f14-9f15-384ced665cc0",
              "parentUUID": "68079dcf-1a74-4b7e-88f1-7126d4142759",
              "isHook": false,
              "skipped": false
            }
          ],
          "suites": [],
          "passes": [
            "de49a494-90a6-4679-8097-796c2ccc4a41",
            "5560e0ab-3be1-4f38-b424-189f86d869e6",
            "c2562a39-0def-4d52-bc8b-9a898c02781a",
            "4459207a-9b12-4f14-9f15-384ced665cc0"
          ],
          "failures": [],
          "pending": [],
          "skipped": [],
          "duration": 5798,
          "root": false,
          "rootEmpty": false,
          "_timeout": 2000
        }
      ],
      "passes": [],
      "failures": [],
      "pending": [],
      "skipped": [],
      "duration": 0,
      "root": true,
      "rootEmpty": true,
      "_timeout": 2000
    },
    {
      "uuid": "339de7ea-3183-4037-82fa-6e9f4beeef92",
      "title": "",
      "fullFile": "cypress/e2e/app/pages/subject/subjects.cy.ts",
      "file": "cypress/e2e/app/pages/subject/subjects.cy.ts",
      "beforeHooks": [],
      "afterHooks": [],
      "tests": [],
      "suites": [
        {
          "uuid": "fc9d6d33-2ee3-42ea-960e-1ce8a9272e39",
          "title": "Subjects/themes List page",
          "fullFile": "",
          "file": "",
          "beforeHooks": [],
          "afterHooks": [],
          "tests": [
            {
              "title": "Should display subject information",
              "fullTitle": "Subjects/themes List page Should display subject information",
              "timedOut": null,
              "duration": 4539,
              "state": "passed",
              "speed": "fast",
              "pass": true,
              "fail": false,
              "pending": false,
              "context": null,
              "code": "cy.get('h3').contains(_common_fixtures_subject_subjects_fixtures_cy_ts__WEBPACK_IMPORTED_MODULE_0__.subjectsFixtures[0].name).parent().find('p').contains(_common_fixtures_subject_subjects_fixtures_cy_ts__WEBPACK_IMPORTED_MODULE_0__.subjectsFixtures[0].description);",
              "err": {},
              "uuid": "ba49d6a0-5fdb-4088-8dd5-f79bcd3b4f70",
              "parentUUID": "fc9d6d33-2ee3-42ea-960e-1ce8a9272e39",
              "isHook": false,
              "skipped": false
            },
            {
              "title": "Should open modal when subscribe to subject and close modal when cancel",
              "fullTitle": "Subjects/themes List page Should open modal when subscribe to subject and close modal when cancel",
              "timedOut": null,
              "duration": 2458,
              "state": "passed",
              "speed": "fast",
              "pass": true,
              "fail": false,
              "pending": false,
              "context": null,
              "code": "cy.get('h3').contains(subject.name).parent().find('.btn.primary').contains(\"S'abonner\").click();\ncy.get('div.modal').should('be.visible');\ncy.contains('button', \"Annuler\").click();\ncy.contains('button', \"S'abonner\").click();\ncy.get('div.modal').should('be.visible');",
              "err": {},
              "uuid": "dac0aaca-d554-4362-8386-4b354252de1e",
              "parentUUID": "fc9d6d33-2ee3-42ea-960e-1ce8a9272e39",
              "isHook": false,
              "skipped": false
            },
            {
              "title": "Should subscribe and see subscription in profil page",
              "fullTitle": "Subjects/themes List page Should subscribe and see subscription in profil page",
              "timedOut": null,
              "duration": 3028,
              "state": "passed",
              "speed": "fast",
              "pass": true,
              "fail": false,
              "pending": false,
              "context": null,
              "code": "cy.get('h3').contains(subject.name).parent().find('button').contains(\"S'abonner\").click();\ncy.get('div.modal').should('be.visible');\ncy.contains('button', \"Confirmer\").click();\ncy.get('div.toast').should('be.visible');\ncy.visit('/profil');\ncy.get('H2').and('contain.text', \"Abonnements\");\ncy.get('h3').contains(subject.name);",
              "err": {},
              "uuid": "90d6cc55-c6b4-4d66-ac0b-df9d764cd0df",
              "parentUUID": "fc9d6d33-2ee3-42ea-960e-1ce8a9272e39",
              "isHook": false,
              "skipped": false
            },
            {
              "title": "Should unsubscribe new subscription and go pack to subjects page",
              "fullTitle": "Subjects/themes List page Should unsubscribe new subscription and go pack to subjects page",
              "timedOut": null,
              "duration": 5819,
              "state": "passed",
              "speed": "medium",
              "pass": true,
              "fail": false,
              "pending": false,
              "context": null,
              "code": "cy.contains('button', \"Se désabonner\").should('be.disabled');\ncy.visit('/profil');\ncy.get('H2').and('contain.text', \"Abonnements\");\ncy.get('h3').contains(subject.name).parent().find('button').click();\ncy.get('div.modal').should('be.visible');\ncy.contains('button', \"Confirmer\").click();\ncy.get('div.toast').should('be.visible');\ncy.visit('/themes');",
              "err": {},
              "uuid": "db3f7fe2-ee0e-4172-a040-a1ae16d8437b",
              "parentUUID": "fc9d6d33-2ee3-42ea-960e-1ce8a9272e39",
              "isHook": false,
              "skipped": false
            }
          ],
          "suites": [],
          "passes": [
            "ba49d6a0-5fdb-4088-8dd5-f79bcd3b4f70",
            "dac0aaca-d554-4362-8386-4b354252de1e",
            "90d6cc55-c6b4-4d66-ac0b-df9d764cd0df",
            "db3f7fe2-ee0e-4172-a040-a1ae16d8437b"
          ],
          "failures": [],
          "pending": [],
          "skipped": [],
          "duration": 15844,
          "root": false,
          "rootEmpty": false,
          "_timeout": 2000
        }
      ],
      "passes": [],
      "failures": [],
      "pending": [],
      "skipped": [],
      "duration": 0,
      "root": true,
      "rootEmpty": true,
      "_timeout": 2000
    }
  ],
  "meta": {
    "mocha": {
      "version": "7.0.1"
    },
    "mochawesome": {
      "options": {
        "quiet": false,
        "reportFilename": "mochawesome",
        "saveHtml": true,
        "saveJson": true,
        "consoleReporter": "spec",
        "useInlineDiffs": false,
        "code": true
      },
      "version": "7.1.4"
    },
    "marge": {
      "options": {
        "reportDir": "cypress/reports",
        "overwrite": false,
        "html": true,
        "json": true
      },
      "version": "6.3.2"
    }
  }
}